[1119/121105.281:ERROR:process_memory_win.cc(73)] ReadMemory at 0x7ff77ce80000 of 64 bytes failed: Only part of a ReadProcessMemory or WriteProcessMemory request was completed. (0x12B)
[1119/121105.566:WARNING:pe_image_reader.cc(340)] could not read dos header from C:\Program Files (x86)\Google\Chrome\Application\chrome.exe
[1119/121105.566:ERROR:process_memory_win.cc(73)] ReadMemory at 0x7fff58ea0000 of 64 bytes failed: Only part of a ReadProcessMemory or WriteProcessMemory request was completed. (0x12B)
[1119/121105.566:WARNING:pe_image_reader.cc(340)] could not read dos header from C:\WINDOWS\SYSTEM32\ntdll.dll
[1119/121105.567:ERROR:process_memory_win.cc(73)] ReadMemory at 0x7fff56f90000 of 64 bytes failed: Only part of a ReadProcessMemory or WriteProcessMemory request was completed. (0x12B)
[1119/121105.574:WARNING:pe_image_reader.cc(340)] could not read dos header from C:\WINDOWS\System32\KERNEL32.DLL
[1119/121105.574:ERROR:process_memory_win.cc(73)] ReadMemory at 0x7fff56170000 of 64 bytes failed: Only part of a ReadProcessMemory or WriteProcessMemory request was completed. (0x12B)
[1119/121105.574:WARNING:pe_image_reader.cc(340)] could not read dos header from C:\WINDOWS\System32\KERNELBASE.dll
[1119/121105.574:ERROR:process_memory_win.cc(73)] ReadMemory at 0x7fff2c1c0000 of 64 bytes failed: Only part of a ReadProcessMemory or WriteProcessMemory request was completed. (0x12B)
[1119/121105.574:WARNING:pe_image_reader.cc(340)] could not read dos header from C:\Program Files (x86)\Google\Chrome\Application\78.0.3904.97\chrome_elf.dll
[1119/121105.574:ERROR:process_memory_win.cc(73)] ReadMemory at 0x7fff448d0000 of 64 bytes failed: Only part of a ReadProcessMemory or WriteProcessMemory request was completed. (0x12B)
[1119/121105.574:WARNING:pe_image_reader.cc(340)] could not read dos header from C:\WINDOWS\SYSTEM32\VERSION.dll
[1119/121105.575:ERROR:process_memory_win.cc(73)] ReadMemory at 0x7fff574f0000 of 64 bytes failed: Only part of a ReadProcessMemory or WriteProcessMemory request was completed. (0x12B)
[1119/121105.575:WARNING:pe_image_reader.cc(340)] could not read dos header from C:\WINDOWS\System32\msvcrt.dll
[1119/121105.575:ERROR:process_memory_win.cc(73)] ReadMemory at 0x7fff56450000 of 64 bytes failed: Only part of a ReadProcessMemory or WriteProcessMemory request was completed. (0x12B)
[1119/121105.575:WARNING:pe_image_reader.cc(340)] could not read dos header from C:\WINDOWS\System32\bcryptPrimitives.dll
[1119/121105.575:ERROR:process_memory_win.cc(73)] ReadMemory at 0x7fff58110000 of 64 bytes failed: Only part of a ReadProcessMemory or WriteProcessMemory request was completed. (0x12B)
[1119/121105.575:WARNING:pe_image_reader.cc(340)] could not read dos header from C:\WINDOWS\System32\ADVAPI32.dll
[1119/121105.575:ERROR:process_memory_win.cc(73)] ReadMemory at 0x7fff57dd0000 of 64 bytes failed: Only part of a ReadProcessMemory or WriteProcessMemory request was completed. (0x12B)
[1119/121105.575:WARNING:pe_image_reader.cc(340)] could not read dos header from C:\WINDOWS\System32\sechost.dll
[1119/121105.575:ERROR:process_memory_win.cc(73)] ReadMemory at 0x7fff577d0000 of 64 bytes failed: Only part of a ReadProcessMemory or WriteProcessMemory request was completed. (0x12B)
[1119/121105.575:WARNING:pe_image_reader.cc(340)] could not read dos header from C:\WINDOWS\System32\RPCRT4.dll
[1119/121105.575:ERROR:process_memory_win.cc(73)] ReadMemory at 0x7fff578f0000 of 64 bytes failed: Only part of a ReadProcessMemory or WriteProcessMemory request was completed. (0x12B)
[1119/121105.578:WARNING:pe_image_reader.cc(340)] could not read dos header from C:\WINDOWS\System32\user32.dll
[1119/121105.578:ERROR:process_memory_win.cc(73)] ReadMemory at 0x7fff56420000 of 64 bytes failed: Only part of a ReadProcessMemory or WriteProcessMemory request was completed. (0x12B)
[1119/121105.578:WARNING:pe_image_reader.cc(340)] could not read dos header from C:\WINDOWS\System32\win32u.dll
[1119/121105.578:ERROR:process_memory_win.cc(73)] ReadMemory at 0x7fff574c0000 of 64 bytes failed: Only part of a ReadProcessMemory or WriteProcessMemory request was completed. (0x12B)
[1119/121105.578:WARNING:pe_image_reader.cc(340)] could not read dos header from C:\WINDOWS\System32\GDI32.dll
[1119/121105.578:ERROR:process_memory_win.cc(73)] ReadMemory at 0x7fff55e30000 of 64 bytes failed: Only part of a ReadProcessMemory or WriteProcessMemory request was completed. (0x12B)
[1119/121105.578:WARNING:pe_image_reader.cc(340)] could not read dos header from C:\WINDOWS\System32\gdi32full.dll
[1119/121105.579:ERROR:process_memory_win.cc(73)] ReadMemory at 0x7fff56530000 of 64 bytes failed: Only part of a ReadProcessMemory or WriteProcessMemory request was completed. (0x12B)
[1119/121105.579:WARNING:pe_image_reader.cc(340)] could not read dos header from C:\WINDOWS\System32\msvcp_win.dll
[1119/121105.579:ERROR:process_memory_win.cc(73)] ReadMemory at 0x7fff56070000 of 64 bytes failed: Only part of a ReadProcessMemory or WriteProcessMemory request was completed. (0x12B)
[1119/121105.579:WARNING:pe_image_reader.cc(340)] could not read dos header from C:\WINDOWS\System32\ucrtbase.dll
[1119/121105.579:ERROR:process_memory_win.cc(73)] ReadMemory at 0x7fff56f60000 of 64 bytes failed: Only part of a ReadProcessMemory or WriteProcessMemory request was completed. (0x12B)
[1119/121105.579:WARNING:pe_image_reader.cc(340)] could not read dos header from C:\WINDOWS\System32\IMM32.DLL
[1119/121105.579:ERROR:process_memory_win.cc(73)] ReadMemory at 0x7ffef9c30000 of 64 bytes failed: Only part of a ReadProcessMemory or WriteProcessMemory request was completed. (0x12B)
[1119/121105.579:WARNING:pe_image_reader.cc(340)] could not read dos header from C:\Program Files (x86)\Google\Chrome\Application\78.0.3904.97\chrome_child.dll
[1119/121105.579:ERROR:process_memory_win.cc(73)] ReadMemory at 0x7fff57fc0000 of 64 bytes failed: Only part of a ReadProcessMemory or WriteProcessMemory request was completed. (0x12B)
[1119/121105.579:WARNING:pe_image_reader.cc(340)] could not read dos header from C:\WINDOWS\System32\OLEAUT32.dll
[1119/121105.579:ERROR:process_memory_win.cc(73)] ReadMemory at 0x7fff57a90000 of 64 bytes failed: Only part of a ReadProcessMemory or WriteProcessMemory request was completed. (0x12B)
[1119/121105.579:WARNING:pe_image_reader.cc(340)] could not read dos header from C:\WINDOWS\System32\combase.dll
[1119/121105.579:ERROR:process_memory_win.cc(73)] ReadMemory at 0x7fff57760000 of 64 bytes failed: Only part of a ReadProcessMemory or WriteProcessMemory request was completed. (0x12B)
[1119/121105.579:WARNING:pe_image_reader.cc(340)] could not read dos header from C:\WINDOWS\System32\WS2_32.dll
[1119/121105.579:ERROR:process_memory_win.cc(73)] ReadMemory at 0x7fff564d0000 of 64 bytes failed: Only part of a ReadProcessMemory or WriteProcessMemory request was completed. (0x12B)
[1119/121105.579:WARNING:pe_image_reader.cc(340)] could not read dos header from C:\WINDOWS\System32\WINTRUST.dll
[1119/121105.579:ERROR:process_memory_win.cc(73)] ReadMemory at 0x7fff55da0000 of 64 bytes failed: Only part of a ReadProcessMemory or WriteProcessMemory request was completed. (0x12B)
[1119/121105.579:WARNING:pe_image_reader.cc(340)] could not read dos header from C:\WINDOWS\System32\MSASN1.dll
[1119/121105.579:ERROR:process_memory_win.cc(73)] ReadMemory at 0x7fff56680000 of 64 bytes failed: Only part of a ReadProcessMemory or WriteProcessMemory request was completed. (0x12B)
[1119/121105.579:WARNING:pe_image_reader.cc(340)] could not read dos header from C:\WINDOWS\System32\CRYPT32.dll
[1119/121105.580:ERROR:process_memory_win.cc(73)] ReadMemory at 0x7fff54ec0000 of 64 bytes failed: Only part of a ReadProcessMemory or WriteProcessMemory request was completed. (0x12B)
[1119/121105.580:WARNING:pe_image_reader.cc(340)] could not read dos header from C:\WINDOWS\SYSTEM32\IPHLPAPI.DLL
[1119/121105.580:ERROR:process_memory_win.cc(73)] ReadMemory at 0x7fff53810000 of 64 bytes failed: Only part of a ReadProcessMemory or WriteProcessMemory request was completed. (0x12B)
[1119/121105.580:WARNING:pe_image_reader.cc(340)] could not read dos header from C:\WINDOWS\SYSTEM32\WINMM.dll
[1119/121105.580:ERROR:process_memory_win.cc(73)] ReadMemory at 0x7fff55c60000 of 64 bytes failed: Only part of a ReadProcessMemory or WriteProcessMemory request was completed. (0x12B)
[1119/121105.580:WARNING:pe_image_reader.cc(340)] could not read dos header from C:\WINDOWS\SYSTEM32\USERENV.dll
[1119/121105.580:ERROR:process_memory_win.cc(73)] ReadMemory at 0x7fff55dc0000 of 64 bytes failed: Only part of a ReadProcessMemory or WriteProcessMemory request was completed. (0x12B)
[1119/121105.580:WARNING:pe_image_reader.cc(340)] could not read dos header from C:\WINDOWS\System32\profapi.dll
[1119/121105.580:ERROR:process_memory_win.cc(73)] ReadMemory at 0x7fff395a0000 of 64 bytes failed: Only part of a ReadProcessMemory or WriteProcessMemory request was completed. (0x12B)
[1119/121105.580:WARNING:pe_image_reader.cc(340)] could not read dos header from C:\WINDOWS\SYSTEM32\DWrite.dll
[1119/121105.580:ERROR:process_memory_win.cc(73)] ReadMemory at 0x7fff4ea10000 of 64 bytes failed: Only part of a ReadProcessMemory or WriteProcessMemory request was completed. (0x12B)
[1119/121105.580:WARNING:pe_image_reader.cc(340)] could not read dos header from C:\WINDOWS\SYSTEM32\WINSPOOL.DRV
[1119/121105.580:ERROR:process_memory_win.cc(73)] ReadMemory at 0x7fff55d80000 of 64 bytes failed: Only part of a ReadProcessMemory or WriteProcessMemory request was completed. (0x12B)
[1119/121105.580:WARNING:pe_image_reader.cc(340)] could not read dos header from C:\WINDOWS\System32\kernel.appcore.dll
[1119/121105.580:ERROR:process_memory_win.cc(73)] ReadMemory at 0x7fff56040000 of 64 bytes failed: Only part of a ReadProcessMemory or WriteProcessMemory request was completed. (0x12B)
[1119/121105.580:WARNING:pe_image_reader.cc(340)] could not read dos header from C:\WINDOWS\System32\bcrypt.dll
[1119/121105.580:ERROR:process_memory_win.cc(73)] ReadMemory at 0x7fff55910000 of 64 bytes failed: Only part of a ReadProcessMemory or WriteProcessMemory request was completed. (0x12B)
[1119/121105.580:WARNING:pe_image_reader.cc(340)] could not read dos header from C:\WINDOWS\SYSTEM32\dbghelp.dll
[1119/121105.581:ERROR:process_memory_win.cc(73)] ReadMemory at 0x7fff4e020000 of 64 bytes failed: Only part of a ReadProcessMemory or WriteProcessMemory request was completed. (0x12B)
[1119/121105.581:WARNING:pe_image_reader.cc(340)] could not read dos header from C:\WINDOWS\SYSTEM32\Secur32.dll
[1119/121105.581:ERROR:process_memory_win.cc(73)] ReadMemory at 0x7fff4e8c0000 of 64 bytes failed: Only part of a ReadProcessMemory or WriteProcessMemory request was completed. (0x12B)
[1119/121105.581:WARNING:pe_image_reader.cc(340)] could not read dos header from C:\WINDOWS\SYSTEM32\WINHTTP.dll
[1119/121105.581:ERROR:process_memory_win.cc(73)] ReadMemory at 0x7fff4bb50000 of 64 bytes failed: Only part of a ReadProcessMemory or WriteProcessMemory request was completed. (0x12B)
[1119/121105.581:WARNING:pe_image_reader.cc(340)] could not read dos header from C:\WINDOWS\SYSTEM32\dhcpcsvc.DLL
[1119/121105.581:ERROR:process_memory_win.cc(73)] ReadMemory at 0x7fff56f50000 of 64 bytes failed: Only part of a ReadProcessMemory or WriteProcessMemory request was completed. (0x12B)
[1119/121105.581:WARNING:pe_image_reader.cc(340)] could not read dos header from C:\WINDOWS\System32\NSI.dll
[1119/121105.581:ERROR:process_memory_win.cc(73)] ReadMemory at 0x7fff537e0000 of 64 bytes failed: Only part of a ReadProcessMemory or WriteProcessMemory request was completed. (0x12B)
[1119/121105.581:WARNING:pe_image_reader.cc(340)] could not read dos header from C:\WINDOWS\SYSTEM32\WINMMBASE.dll
[1119/121105.581:ERROR:process_memory_win.cc(73)] ReadMemory at 0x7fff55fd0000 of 64 bytes failed: Only part of a ReadProcessMemory or WriteProcessMemory request was completed. (0x12B)
[1119/121105.581:WARNING:pe_image_reader.cc(340)] could not read dos header from C:\WINDOWS\System32\cfgmgr32.dll
[1119/121105.581:ERROR:process_memory_win.cc(73)] ReadMemory at 0x7fff52ef0000 of 64 bytes failed: Only part of a ReadProcessMemory or WriteProcessMemory request was completed. (0x12B)
[1119/121105.581:WARNING:pe_image_reader.cc(340)] could not read dos header from C:\WINDOWS\SYSTEM32\PROPSYS.dll
[1119/121105.581:ERROR:process_memory_win.cc(73)] ReadMemory at 0x7fff57590000 of 64 bytes failed: Only part of a ReadProcessMemory or WriteProcessMemory request was completed. (0x12B)
[1119/121105.581:WARNING:pe_image_reader.cc(340)] could not read dos header from C:\WINDOWS\System32\shcore.dll
[1119/121105.581:ERROR:process_memory_win.cc(73)] ReadMemory at 0x7fff55c90000 of 64 bytes failed: Only part of a ReadProcessMemory or WriteProcessMemory request was completed. (0x12B)
[1119/121105.581:WARNING:pe_image_reader.cc(340)] could not read dos header from C:\WINDOWS\SYSTEM32\SSPICLI.DLL
[1119/121105.581:ERROR:process_memory_win.cc(73)] ReadMemory at 0x7fff553b0000 of 64 bytes failed: Only part of a ReadProcessMemory or WriteProcessMemory request was completed. (0x12B)
[1119/121105.582:WARNING:pe_image_reader.cc(340)] could not read dos header from C:\WINDOWS\SYSTEM32\CRYPTBASE.DLL
[1119/121105.582:ERROR:process_memory_win.cc(73)] ReadMemory at 0x7fff581c0000 of 64 bytes failed: Only part of a ReadProcessMemory or WriteProcessMemory request was completed. (0x12B)
[1119/121105.582:WARNING:pe_image_reader.cc(340)] could not read dos header from C:\WINDOWS\System32\ole32.dll
[1119/121105.582:ERROR:process_memory_win.cc(73)] ReadMemory at 0x7fff54450000 of 64 bytes failed: Only part of a ReadProcessMemory or WriteProcessMemory request was completed. (0x12B)
[1119/121105.582:WARNING:pe_image_reader.cc(340)] could not read dos header from C:\WINDOWS\SYSTEM32\dxgi.dll
[1119/121105.582:ERROR:process_memory_win.cc(73)] ReadMemory at 0x7fff543c0000 of 64 bytes failed: Only part of a ReadProcessMemory or WriteProcessMemory request was completed. (0x12B)
[1119/121105.582:WARNING:pe_image_reader.cc(340)] could not read dos header from C:\WINDOWS\SYSTEM32\dxcore.dll
[1119/121105.582:ERROR:process_memory_win.cc(73)] ReadMemory at 0x7fff2b4f0000 of 64 bytes failed: Only part of a ReadProcessMemory or WriteProcessMemory request was completed. (0x12B)
[1119/121105.582:WARNING:pe_image_reader.cc(340)] could not read dos header from C:\WINDOWS\SYSTEM32\mf.dll
[1119/121105.582:ERROR:process_memory_win.cc(73)] ReadMemory at 0x7fff2b9c0000 of 64 bytes failed: Only part of a ReadProcessMemory or WriteProcessMemory request was completed. (0x12B)
[1119/121105.582:WARNING:pe_image_reader.cc(340)] could not read dos header from C:\WINDOWS\SYSTEM32\mfplat.dll
[1119/121105.582:ERROR:process_memory_win.cc(73)] ReadMemory at 0x7fff33ec0000 of 64 bytes failed: Only part of a ReadProcessMemory or WriteProcessMemory request was completed. (0x12B)
[1119/121105.582:WARNING:pe_image_reader.cc(340)] could not read dos header from C:\WINDOWS\SYSTEM32\RTWorkQ.DLL
[1119/121105.582:ERROR:process_memory_win.cc(73)] ReadMemory at 0x7fff1e700000 of 64 bytes failed: Only part of a ReadProcessMemory or WriteProcessMemory request was completed. (0x12B)
[1119/121105.582:WARNING:pe_image_reader.cc(340)] could not read dos header from C:\WINDOWS\SYSTEM32\msmpeg2vdec.dll
[1119/121105.582:ERROR:process_memory_win.cc(73)] ReadMemory at 0x7fff56020000 of 64 bytes failed: Only part of a ReadProcessMemory or WriteProcessMemory request was completed. (0x12B)
[1119/121105.582:WARNING:pe_image_reader.cc(340)] could not read dos header from C:\WINDOWS\System32\cryptsp.dll
[1119/121105.583:ERROR:process_memory_win.cc(73)] ReadMemory at 0x7fff27d70000 of 64 bytes failed: Only part of a ReadProcessMemory or WriteProcessMemory request was completed. (0x12B)
[1119/121105.583:WARNING:pe_image_reader.cc(340)] could not read dos header from C:\WINDOWS\SYSTEM32\mfperfhelper.dll
[1119/121105.583:ERROR:process_memory_win.cc(73)] ReadMemory at 0x7fff44040000 of 64 bytes failed: Only part of a ReadProcessMemory or WriteProcessMemory request was completed. (0x12B)
[1119/121105.583:WARNING:pe_image_reader.cc(340)] could not read dos header from C:\WINDOWS\SYSTEM32\dxva2.dll
[1119/121105.583:ERROR:process_memory_win.cc(73)] ReadMemory at 0x7fff220e0000 of 64 bytes failed: Only part of a ReadProcessMemory or WriteProcessMemory request was completed. (0x12B)
[1119/121105.583:WARNING:pe_image_reader.cc(340)] could not read dos header from C:\WINDOWS\SYSTEM32\msvproc.dll
[1119/121105.583:ERROR:process_memory_win.cc(73)] ReadMemory at 0x7fff55de0000 of 64 bytes failed: Only part of a ReadProcessMemory or WriteProcessMemory request was completed. (0x12B)
[1119/121105.583:WARNING:pe_image_reader.cc(340)] could not read dos header from C:\WINDOWS\System32\powrprof.dll
[1119/121105.583:ERROR:process_memory_win.cc(73)] ReadMemory at 0x7fff55d70000 of 64 bytes failed: Only part of a ReadProcessMemory or WriteProcessMemory request was completed. (0x12B)
[1119/121105.583:WARNING:pe_image_reader.cc(340)] could not read dos header from C:\WINDOWS\System32\UMPDC.dll
[1119/121105.583:ERROR:process_memory_win.cc(73)] ReadMemory at 0x7fff4e9e0000 of 64 bytes failed: Only part of a ReadProcessMemory or WriteProcessMemory request was completed. (0x12B)
[1119/121105.583:WARNING:pe_image_reader.cc(340)] could not read dos header from C:\WINDOWS\SYSTEM32\CompPkgSup.DLL
[1119/121105.583:ERROR:process_memory_win.cc(73)] ReadMemory at 0x7fff52650000 of 64 bytes failed: Only part of a ReadProcessMemory or WriteProcessMemory request was completed. (0x12B)
[1119/121105.583:WARNING:pe_image_reader.cc(340)] could not read dos header from C:\WINDOWS\SYSTEM32\D3DCompiler_47.dll
[1119/121105.583:ERROR:process_memory_win.cc(73)] ReadMemory at 0x7fff0bd60000 of 64 bytes failed: Only part of a ReadProcessMemory or WriteProcessMemory request was completed. (0x12B)
[1119/121105.583:WARNING:pe_image_reader.cc(340)] could not read dos header from C:\Program Files (x86)\Google\Chrome\Application\78.0.3904.97\libglesv2.dll
[1119/121105.583:ERROR:process_memory_win.cc(73)] ReadMemory at 0x206f79a0000 of 64 bytes failed: Only part of a ReadProcessMemory or WriteProcessMemory request was completed. (0x12B)
[1119/121105.583:WARNING:pe_image_reader.cc(340)] could not read dos header from C:\WINDOWS\System32\SETUPAPI.dll
[1119/121105.584:ERROR:process_memory_win.cc(73)] ReadMemory at 0x7fff35770000 of 64 bytes failed: Only part of a ReadProcessMemory or WriteProcessMemory request was completed. (0x12B)
[1119/121105.584:WARNING:pe_image_reader.cc(340)] could not read dos header from C:\Program Files (x86)\Google\Chrome\Application\78.0.3904.97\libegl.dll
[1119/121105.584:ERROR:process_memory_win.cc(73)] ReadMemory at 0x7fff53af0000 of 64 bytes failed: Only part of a ReadProcessMemory or WriteProcessMemory request was completed. (0x12B)
[1119/121105.584:WARNING:pe_image_reader.cc(340)] could not read dos header from C:\WINDOWS\SYSTEM32\dwmapi.dll
[1119/121105.584:ERROR:process_memory_win.cc(73)] ReadMemory at 0x7fff52ab0000 of 64 bytes failed: Only part of a ReadProcessMemory or WriteProcessMemory request was completed. (0x12B)
[1119/121105.584:WARNING:pe_image_reader.cc(340)] could not read dos header from C:\WINDOWS\SYSTEM32\d3d11.dll
[1119/121105.584:ERROR:process_memory_win.cc(73)] ReadMemory at 0x7fff52d10000 of 64 bytes failed: Only part of a ReadProcessMemory or WriteProcessMemory request was completed. (0x12B)
[1119/121105.584:WARNING:pe_image_reader.cc(340)] could not read dos header from C:\WINDOWS\SYSTEM32\dcomp.dll
[1119/121105.584:ERROR:process_memory_win.cc(73)] ReadMemory at 0x7fff4c4b0000 of 64 bytes failed: Only part of a ReadProcessMemory or WriteProcessMemory request was completed. (0x12B)
[1119/121105.584:WARNING:pe_image_reader.cc(340)] could not read dos header from C:\WINDOWS\System32\DriverStore\FileRepository\iigd_base.inf_amd64_cb2476e6d04fce22\igd10iumd64.dll
[1119/121105.584:ERROR:process_memory_win.cc(73)] ReadMemory at 0x7fff55530000 of 64 bytes failed: Only part of a ReadProcessMemory or WriteProcessMemory request was completed. (0x12B)
[1119/121105.584:WARNING:pe_image_reader.cc(340)] could not read dos header from C:\WINDOWS\SYSTEM32\ncrypt.dll
[1119/121105.584:ERROR:process_memory_win.cc(73)] ReadMemory at 0x7fff554f0000 of 64 bytes failed: Only part of a ReadProcessMemory or WriteProcessMemory request was completed. (0x12B)
[1119/121105.584:WARNING:pe_image_reader.cc(340)] could not read dos header from C:\WINDOWS\SYSTEM32\NTASN1.dll
[1119/121105.584:ERROR:process_memory_win.cc(73)] ReadMemory at 0x7fff48590000 of 64 bytes failed: Only part of a ReadProcessMemory or WriteProcessMemory request was completed. (0x12B)
[1119/121105.584:WARNING:pe_image_reader.cc(340)] could not read dos header from C:\WINDOWS\System32\DriverStore\FileRepository\iigd_base.inf_amd64_cb2476e6d04fce22\igc64.dll
[1119/121105.584:ERROR:process_memory_win.cc(73)] ReadMemory at 0x7fff576b0000 of 64 bytes failed: Only part of a ReadProcessMemory or WriteProcessMemory request was completed. (0x12B)
[1119/121105.584:WARNING:pe_image_reader.cc(340)] could not read dos header from C:\WINDOWS\System32\clbcatq.dll
[1119/121105.584:ERROR:process_memory_win.cc(73)] ReadMemory at 0x7fff51650000 of 64 bytes failed: Only part of a ReadProcessMemory or WriteProcessMemory request was completed. (0x12B)
[1119/121105.584:WARNING:pe_image_reader.cc(340)] could not read dos header from C:\Windows\System32\WinTypes.dll
[1119/121105.584:ERROR:process_memory_win.cc(73)] ReadMemory at 0x7fff02260000 of 64 bytes failed: Only part of a ReadProcessMemory or WriteProcessMemory request was completed. (0x12B)
[1119/121105.585:WARNING:pe_image_reader.cc(340)] could not read dos header from C:\WINDOWS\System32\DriverStore\FileRepository\iigd_base.inf_amd64_cb2476e6d04fce22\igd11dxva64.dll
[1119/121105.585:ERROR:process_memory_win.cc(73)] ReadMemory at 0x7fff2b2a0000 of 64 bytes failed: Only part of a ReadProcessMemory or WriteProcessMemory request was completed. (0x12B)
[1119/121105.585:WARNING:pe_image_reader.cc(340)] could not read dos header from C:\Windows\System32\mfh264enc.dll
[1119/121105.585:ERROR:process_memory_win.cc(73)] ReadMemory at 0x7fff1ccf0000 of 64 bytes failed: Only part of a ReadProcessMemory or WriteProcessMemory request was completed. (0x12B)
[1119/121105.585:WARNING:pe_image_reader.cc(340)] could not read dos header from C:\Windows\System32\Windows.Media.dll
[1119/121105.585:ERROR:process_memory_win.cc(73)] ReadMemory at 0x7fff558d0000 of 64 bytes failed: Only part of a ReadProcessMemory or WriteProcessMemory request was completed. (0x12B)
[1119/121105.585:WARNING:pe_image_reader.cc(340)] could not read dos header from C:\WINDOWS\SYSTEM32\ntmarta.dll
[1119/121105.585:ERROR:process_memory_win.cc(73)] ReadMemory at 0x7fff53a30000 of 64 bytes failed: Only part of a ReadProcessMemory or WriteProcessMemory request was completed. (0x12B)
[1119/121105.585:WARNING:pe_image_reader.cc(340)] could not read dos header from C:\WINDOWS\system32\uxtheme.dll
[1119/121105.585:ERROR:process_memory_win.cc(73)] ReadMemory at 0x7fff57e70000 of 64 bytes failed: Only part of a ReadProcessMemory or WriteProcessMemory request was completed. (0x12B)
[1119/121105.585:WARNING:pe_image_reader.cc(340)] could not read dos header from C:\WINDOWS\System32\MSCTF.dll
[1119/121105.585:ERROR:process_memory_win.cc(73)] ReadMemory at 0x7ff77ce80000 of 64 bytes failed: Only part of a ReadProcessMemory or WriteProcessMemory request was completed. (0x12B)
[1119/121105.585:WARNING:pe_image_reader.cc(340)] could not read dos header from C:\Program Files (x86)\Google\Chrome\Application\chrome.exe
[1119/121105.585:ERROR:process_memory_win.cc(73)] ReadMemory at 0x7fff58ea0000 of 64 bytes failed: Only part of a ReadProcessMemory or WriteProcessMemory request was completed. (0x12B)
[1119/121105.585:WARNING:pe_image_reader.cc(340)] could not read dos header from C:\WINDOWS\SYSTEM32\ntdll.dll
[1119/121105.585:ERROR:process_memory_win.cc(73)] ReadMemory at 0x7fff56f90000 of 64 bytes failed: Only part of a ReadProcessMemory or WriteProcessMemory request was completed. (0x12B)
[1119/121105.585:WARNING:pe_image_reader.cc(340)] could not read dos header from C:\WINDOWS\System32\KERNEL32.DLL
[1119/121105.585:ERROR:process_memory_win.cc(73)] ReadMemory at 0x7fff56170000 of 64 bytes failed: Only part of a ReadProcessMemory or WriteProcessMemory request was completed. (0x12B)
[1119/121105.585:WARNING:pe_image_reader.cc(340)] could not read dos header from C:\WINDOWS\System32\KERNELBASE.dll
[1119/121105.585:ERROR:process_memory_win.cc(73)] ReadMemory at 0x7fff2c1c0000 of 64 bytes failed: Only part of a ReadProcessMemory or WriteProcessMemory request was completed. (0x12B)
[1119/121105.586:WARNING:pe_image_reader.cc(340)] could not read dos header from C:\Program Files (x86)\Google\Chrome\Application\78.0.3904.97\chrome_elf.dll
[1119/121105.586:ERROR:process_memory_win.cc(73)] ReadMemory at 0x7fff448d0000 of 64 bytes failed: Only part of a ReadProcessMemory or WriteProcessMemory request was completed. (0x12B)
[1119/121105.586:WARNING:pe_image_reader.cc(340)] could not read dos header from C:\WINDOWS\SYSTEM32\VERSION.dll
[1119/121105.586:ERROR:process_memory_win.cc(73)] ReadMemory at 0x7fff574f0000 of 64 bytes failed: Only part of a ReadProcessMemory or WriteProcessMemory request was completed. (0x12B)
[1119/121105.586:WARNING:pe_image_reader.cc(340)] could not read dos header from C:\WINDOWS\System32\msvcrt.dll
[1119/121105.586:ERROR:process_memory_win.cc(73)] ReadMemory at 0x7fff56450000 of 64 bytes failed: Only part of a ReadProcessMemory or WriteProcessMemory request was completed. (0x12B)
[1119/121105.586:WARNING:pe_image_reader.cc(340)] could not read dos header from C:\WINDOWS\System32\bcryptPrimitives.dll
[1119/121105.586:ERROR:process_memory_win.cc(73)] ReadMemory at 0x7fff58110000 of 64 bytes failed: Only part of a ReadProcessMemory or WriteProcessMemory request was completed. (0x12B)
[1119/121105.586:WARNING:pe_image_reader.cc(340)] could not read dos header from C:\WINDOWS\System32\ADVAPI32.dll
[1119/121105.586:ERROR:process_memory_win.cc(73)] ReadMemory at 0x7fff57dd0000 of 64 bytes failed: Only part of a ReadProcessMemory or WriteProcessMemory request was completed. (0x12B)
[1119/121105.586:WARNING:pe_image_reader.cc(340)] could not read dos header from C:\WINDOWS\System32\sechost.dll
[1119/121105.586:ERROR:process_memory_win.cc(73)] ReadMemory at 0x7fff577d0000 of 64 bytes failed: Only part of a ReadProcessMemory or WriteProcessMemory request was completed. (0x12B)
[1119/121105.586:WARNING:pe_image_reader.cc(340)] could not read dos header from C:\WINDOWS\System32\RPCRT4.dll
[1119/121105.586:ERROR:process_memory_win.cc(73)] ReadMemory at 0x7fff578f0000 of 64 bytes failed: Only part of a ReadProcessMemory or WriteProcessMemory request was completed. (0x12B)
[1119/121105.586:WARNING:pe_image_reader.cc(340)] could not read dos header from C:\WINDOWS\System32\user32.dll
[1119/121105.586:ERROR:process_memory_win.cc(73)] ReadMemory at 0x7fff56420000 of 64 bytes failed: Only part of a ReadProcessMemory or WriteProcessMemory request was completed. (0x12B)
[1119/121105.586:WARNING:pe_image_reader.cc(340)] could not read dos header from C:\WINDOWS\System32\win32u.dll
[1119/121105.586:ERROR:process_memory_win.cc(73)] ReadMemory at 0x7fff574c0000 of 64 bytes failed: Only part of a ReadProcessMemory or WriteProcessMemory request was completed. (0x12B)
[1119/121105.586:WARNING:pe_image_reader.cc(340)] could not read dos header from C:\WINDOWS\System32\GDI32.dll
[1119/121105.586:ERROR:process_memory_win.cc(73)] ReadMemory at 0x7fff55e30000 of 64 bytes failed: Only part of a ReadProcessMemory or WriteProcessMemory request was completed. (0x12B)
[1119/121105.587:WARNING:pe_image_reader.cc(340)] could not read dos header from C:\WINDOWS\System32\gdi32full.dll
[1119/121105.587:ERROR:process_memory_win.cc(73)] ReadMemory at 0x7fff56530000 of 64 bytes failed: Only part of a ReadProcessMemory or WriteProcessMemory request was completed. (0x12B)
[1119/121105.587:WARNING:pe_image_reader.cc(340)] could not read dos header from C:\WINDOWS\System32\msvcp_win.dll
[1119/121105.587:ERROR:process_memory_win.cc(73)] ReadMemory at 0x7fff56070000 of 64 bytes failed: Only part of a ReadProcessMemory or WriteProcessMemory request was completed. (0x12B)
[1119/121105.587:WARNING:pe_image_reader.cc(340)] could not read dos header from C:\WINDOWS\System32\ucrtbase.dll
[1119/121105.587:ERROR:process_memory_win.cc(73)] ReadMemory at 0x7fff56f60000 of 64 bytes failed: Only part of a ReadProcessMemory or WriteProcessMemory request was completed. (0x12B)
[1119/121105.587:WARNING:pe_image_reader.cc(340)] could not read dos header from C:\WINDOWS\System32\IMM32.DLL
[1119/121105.587:ERROR:process_memory_win.cc(73)] ReadMemory at 0x7ffef9c30000 of 64 bytes failed: Only part of a ReadProcessMemory or WriteProcessMemory request was completed. (0x12B)
[1119/121105.587:WARNING:pe_image_reader.cc(340)] could not read dos header from C:\Program Files (x86)\Google\Chrome\Application\78.0.3904.97\chrome_child.dll
[1119/121105.587:ERROR:process_memory_win.cc(73)] ReadMemory at 0x7fff57fc0000 of 64 bytes failed: Only part of a ReadProcessMemory or WriteProcessMemory request was completed. (0x12B)
[1119/121105.587:WARNING:pe_image_reader.cc(340)] could not read dos header from C:\WINDOWS\System32\OLEAUT32.dll
[1119/121105.587:ERROR:process_memory_win.cc(73)] ReadMemory at 0x7fff57a90000 of 64 bytes failed: Only part of a ReadProcessMemory or WriteProcessMemory request was completed. (0x12B)
[1119/121105.587:WARNING:pe_image_reader.cc(340)] could not read dos header from C:\WINDOWS\System32\combase.dll
[1119/121105.587:ERROR:process_memory_win.cc(73)] ReadMemory at 0x7fff57760000 of 64 bytes failed: Only part of a ReadProcessMemory or WriteProcessMemory request was completed. (0x12B)
[1119/121105.587:WARNING:pe_image_reader.cc(340)] could not read dos header from C:\WINDOWS\System32\WS2_32.dll
[1119/121105.587:ERROR:process_memory_win.cc(73)] ReadMemory at 0x7fff564d0000 of 64 bytes failed: Only part of a ReadProcessMemory or WriteProcessMemory request was completed. (0x12B)
[1119/121105.587:WARNING:pe_image_reader.cc(340)] could not read dos header from C:\WINDOWS\System32\WINTRUST.dll
[1119/121105.587:ERROR:process_memory_win.cc(73)] ReadMemory at 0x7fff55da0000 of 64 bytes failed: Only part of a ReadProcessMemory or WriteProcessMemory request was completed. (0x12B)
[1119/121105.587:WARNING:pe_image_reader.cc(340)] could not read dos header from C:\WINDOWS\System32\MSASN1.dll
[1119/121105.587:ERROR:process_memory_win.cc(73)] ReadMemory at 0x7fff56680000 of 64 bytes failed: Only part of a ReadProcessMemory or WriteProcessMemory request was completed. (0x12B)
[1119/121105.588:WARNING:pe_image_reader.cc(340)] could not read dos header from C:\WINDOWS\System32\CRYPT32.dll
[1119/121105.588:ERROR:process_memory_win.cc(73)] ReadMemory at 0x7fff54ec0000 of 64 bytes failed: Only part of a ReadProcessMemory or WriteProcessMemory request was completed. (0x12B)
[1119/121105.588:WARNING:pe_image_reader.cc(340)] could not read dos header from C:\WINDOWS\SYSTEM32\IPHLPAPI.DLL
[1119/121105.588:ERROR:process_memory_win.cc(73)] ReadMemory at 0x7fff53810000 of 64 bytes failed: Only part of a ReadProcessMemory or WriteProcessMemory request was completed. (0x12B)
[1119/121105.588:WARNING:pe_image_reader.cc(340)] could not read dos header from C:\WINDOWS\SYSTEM32\WINMM.dll
[1119/121105.588:ERROR:process_memory_win.cc(73)] ReadMemory at 0x7fff55c60000 of 64 bytes failed: Only part of a ReadProcessMemory or WriteProcessMemory request was completed. (0x12B)
[1119/121105.588:WARNING:pe_image_reader.cc(340)] could not read dos header from C:\WINDOWS\SYSTEM32\USERENV.dll
[1119/121105.588:ERROR:process_memory_win.cc(73)] ReadMemory at 0x7fff55dc0000 of 64 bytes failed: Only part of a ReadProcessMemory or WriteProcessMemory request was completed. (0x12B)
[1119/121105.588:WARNING:pe_image_reader.cc(340)] could not read dos header from C:\WINDOWS\System32\profapi.dll
[1119/121105.588:ERROR:process_memory_win.cc(73)] ReadMemory at 0x7fff395a0000 of 64 bytes failed: Only part of a ReadProcessMemory or WriteProcessMemory request was completed. (0x12B)
[1119/121105.588:WARNING:pe_image_reader.cc(340)] could not read dos header from C:\WINDOWS\SYSTEM32\DWrite.dll
[1119/121105.588:ERROR:process_memory_win.cc(73)] ReadMemory at 0x7fff4ea10000 of 64 bytes failed: Only part of a ReadProcessMemory or WriteProcessMemory request was completed. (0x12B)
[1119/121105.588:WARNING:pe_image_reader.cc(340)] could not read dos header from C:\WINDOWS\SYSTEM32\WINSPOOL.DRV
[1119/121105.588:ERROR:process_memory_win.cc(73)] ReadMemory at 0x7fff55d80000 of 64 bytes failed: Only part of a ReadProcessMemory or WriteProcessMemory request was completed. (0x12B)
[1119/121105.644:WARNING:pe_image_reader.cc(340)] could not read dos header from C:\WINDOWS\System32\kernel.appcore.dll
[1119/121105.644:ERROR:process_memory_win.cc(73)] ReadMemory at 0x7fff56040000 of 64 bytes failed: Only part of a ReadProcessMemory or WriteProcessMemory request was completed. (0x12B)
[1119/121105.644:WARNING:pe_image_reader.cc(340)] could not read dos header from C:\WINDOWS\System32\bcrypt.dll
[1119/121105.644:ERROR:process_memory_win.cc(73)] ReadMemory at 0x7fff55910000 of 64 bytes failed: Only part of a ReadProcessMemory or WriteProcessMemory request was completed. (0x12B)
[1119/121105.644:WARNING:pe_image_reader.cc(340)] could not read dos header from C:\WINDOWS\SYSTEM32\dbghelp.dll
[1119/121105.644:ERROR:process_memory_win.cc(73)] ReadMemory at 0x7fff4e020000 of 64 bytes failed: Only part of a ReadProcessMemory or WriteProcessMemory request was completed. (0x12B)
[1119/121105.644:WARNING:pe_image_reader.cc(340)] could not read dos header from C:\WINDOWS\SYSTEM32\Secur32.dll
[1119/121105.644:ERROR:process_memory_win.cc(73)] ReadMemory at 0x7fff4e8c0000 of 64 bytes failed: Only part of a ReadProcessMemory or WriteProcessMemory request was completed. (0x12B)
[1119/121105.644:WARNING:pe_image_reader.cc(340)] could not read dos header from C:\WINDOWS\SYSTEM32\WINHTTP.dll
[1119/121105.644:ERROR:process_memory_win.cc(73)] ReadMemory at 0x7fff4bb50000 of 64 bytes failed: Only part of a ReadProcessMemory or WriteProcessMemory request was completed. (0x12B)
[1119/121105.644:WARNING:pe_image_reader.cc(340)] could not read dos header from C:\WINDOWS\SYSTEM32\dhcpcsvc.DLL
[1119/121105.645:ERROR:process_memory_win.cc(73)] ReadMemory at 0x7fff56f50000 of 64 bytes failed: Only part of a ReadProcessMemory or WriteProcessMemory request was completed. (0x12B)
[1119/121105.645:WARNING:pe_image_reader.cc(340)] could not read dos header from C:\WINDOWS\System32\NSI.dll
[1119/121105.645:ERROR:process_memory_win.cc(73)] ReadMemory at 0x7fff537e0000 of 64 bytes failed: Only part of a ReadProcessMemory or WriteProcessMemory request was completed. (0x12B)
[1119/121105.645:WARNING:pe_image_reader.cc(340)] could not read dos header from C:\WINDOWS\SYSTEM32\WINMMBASE.dll
[1119/121105.645:ERROR:process_memory_win.cc(73)] ReadMemory at 0x7fff55fd0000 of 64 bytes failed: Only part of a ReadProcessMemory or WriteProcessMemory request was completed. (0x12B)
[1119/121105.645:WARNING:pe_image_reader.cc(340)] could not read dos header from C:\WINDOWS\System32\cfgmgr32.dll
[1119/121105.645:ERROR:process_memory_win.cc(73)] ReadMemory at 0x7fff52ef0000 of 64 bytes failed: Only part of a ReadProcessMemory or WriteProcessMemory request was completed. (0x12B)
[1119/121105.645:WARNING:pe_image_reader.cc(340)] could not read dos header from C:\WINDOWS\SYSTEM32\PROPSYS.dll
[1119/121105.645:ERROR:process_memory_win.cc(73)] ReadMemory at 0x7fff57590000 of 64 bytes failed: Only part of a ReadProcessMemory or WriteProcessMemory request was completed. (0x12B)
[1119/121105.645:WARNING:pe_image_reader.cc(340)] could not read dos header from C:\WINDOWS\System32\shcore.dll
[1119/121105.645:ERROR:process_memory_win.cc(73)] ReadMemory at 0x7fff55c90000 of 64 bytes failed: Only part of a ReadProcessMemory or WriteProcessMemory request was completed. (0x12B)
[1119/121105.645:WARNING:pe_image_reader.cc(340)] could not read dos header from C:\WINDOWS\SYSTEM32\SSPICLI.DLL
[1119/121105.645:ERROR:process_memory_win.cc(73)] ReadMemory at 0x7fff553b0000 of 64 bytes failed: Only part of a ReadProcessMemory or WriteProcessMemory request was completed. (0x12B)
[1119/121105.645:WARNING:pe_image_reader.cc(340)] could not read dos header from C:\WINDOWS\SYSTEM32\CRYPTBASE.DLL
[1119/121105.645:ERROR:process_memory_win.cc(73)] ReadMemory at 0x7fff581c0000 of 64 bytes failed: Only part of a ReadProcessMemory or WriteProcessMemory request was completed. (0x12B)
[1119/121105.645:WARNING:pe_image_reader.cc(340)] could not read dos header from C:\WINDOWS\System32\ole32.dll
[1119/121105.645:ERROR:process_memory_win.cc(73)] ReadMemory at 0x7fff54450000 of 64 bytes failed: Only part of a ReadProcessMemory or WriteProcessMemory request was completed. (0x12B)
[1119/121105.646:WARNING:pe_image_reader.cc(340)] could not read dos header from C:\WINDOWS\SYSTEM32\dxgi.dll
[1119/121105.646:ERROR:process_memory_win.cc(73)] ReadMemory at 0x7fff543c0000 of 64 bytes failed: Only part of a ReadProcessMemory or WriteProcessMemory request was completed. (0x12B)
[1119/121105.646:WARNING:pe_image_reader.cc(340)] could not read dos header from C:\WINDOWS\SYSTEM32\dxcore.dll
[1119/121105.646:ERROR:process_memory_win.cc(73)] ReadMemory at 0x7fff2b4f0000 of 64 bytes failed: Only part of a ReadProcessMemory or WriteProcessMemory request was completed. (0x12B)
[1119/121105.646:WARNING:pe_image_reader.cc(340)] could not read dos header from C:\WINDOWS\SYSTEM32\mf.dll
[1119/121105.646:ERROR:process_memory_win.cc(73)] ReadMemory at 0x7fff2b9c0000 of 64 bytes failed: Only part of a ReadProcessMemory or WriteProcessMemory request was completed. (0x12B)
[1119/121105.646:WARNING:pe_image_reader.cc(340)] could not read dos header from C:\WINDOWS\SYSTEM32\mfplat.dll
[1119/121105.646:ERROR:process_memory_win.cc(73)] ReadMemory at 0x7fff33ec0000 of 64 bytes failed: Only part of a ReadProcessMemory or WriteProcessMemory request was completed. (0x12B)
[1119/121105.646:WARNING:pe_image_reader.cc(340)] could not read dos header from C:\WINDOWS\SYSTEM32\RTWorkQ.DLL
[1119/121105.646:ERROR:process_memory_win.cc(73)] ReadMemory at 0x7fff1e700000 of 64 bytes failed: Only part of a ReadProcessMemory or WriteProcessMemory request was completed. (0x12B)
[1119/121105.646:WARNING:pe_image_reader.cc(340)] could not read dos header from C:\WINDOWS\SYSTEM32\msmpeg2vdec.dll
[1119/121105.646:ERROR:process_memory_win.cc(73)] ReadMemory at 0x7fff56020000 of 64 bytes failed: Only part of a ReadProcessMemory or WriteProcessMemory request was completed. (0x12B)
[1119/121105.646:WARNING:pe_image_reader.cc(340)] could not read dos header from C:\WINDOWS\System32\cryptsp.dll
[1119/121105.646:ERROR:process_memory_win.cc(73)] ReadMemory at 0x7fff27d70000 of 64 bytes failed: Only part of a ReadProcessMemory or WriteProcessMemory request was completed. (0x12B)
[1119/121105.646:WARNING:pe_image_reader.cc(340)] could not read dos header from C:\WINDOWS\SYSTEM32\mfperfhelper.dll
[1119/121105.646:ERROR:process_memory_win.cc(73)] ReadMemory at 0x7fff44040000 of 64 bytes failed: Only part of a ReadProcessMemory or WriteProcessMemory request was completed. (0x12B)
[1119/121105.646:WARNING:pe_image_reader.cc(340)] could not read dos header from C:\WINDOWS\SYSTEM32\dxva2.dll
[1119/121105.646:ERROR:process_memory_win.cc(73)] ReadMemory at 0x7fff220e0000 of 64 bytes failed: Only part of a ReadProcessMemory or WriteProcessMemory request was completed. (0x12B)
[1119/121105.646:WARNING:pe_image_reader.cc(340)] could not read dos header from C:\WINDOWS\SYSTEM32\msvproc.dll
[1119/121105.646:ERROR:process_memory_win.cc(73)] ReadMemory at 0x7fff55de0000 of 64 bytes failed: Only part of a ReadProcessMemory or WriteProcessMemory request was completed. (0x12B)
[1119/121105.647:WARNING:pe_image_reader.cc(340)] could not read dos header from C:\WINDOWS\System32\powrprof.dll
[1119/121105.647:ERROR:process_memory_win.cc(73)] ReadMemory at 0x7fff55d70000 of 64 bytes failed: Only part of a ReadProcessMemory or WriteProcessMemory request was completed. (0x12B)
[1119/121105.647:WARNING:pe_image_reader.cc(340)] could not read dos header from C:\WINDOWS\System32\UMPDC.dll
[1119/121105.647:ERROR:process_memory_win.cc(73)] ReadMemory at 0x7fff4e9e0000 of 64 bytes failed: Only part of a ReadProcessMemory or WriteProcessMemory request was completed. (0x12B)
[1119/121105.647:WARNING:pe_image_reader.cc(340)] could not read dos header from C:\WINDOWS\SYSTEM32\CompPkgSup.DLL
[1119/121105.647:ERROR:process_memory_win.cc(73)] ReadMemory at 0x7fff52650000 of 64 bytes failed: Only part of a ReadProcessMemory or WriteProcessMemory request was completed. (0x12B)
[1119/121105.647:WARNING:pe_image_reader.cc(340)] could not read dos header from C:\WINDOWS\SYSTEM32\D3DCompiler_47.dll
[1119/121105.647:ERROR:process_memory_win.cc(73)] ReadMemory at 0x7fff0bd60000 of 64 bytes failed: Only part of a ReadProcessMemory or WriteProcessMemory request was completed. (0x12B)
[1119/121105.647:WARNING:pe_image_reader.cc(340)] could not read dos header from C:\Program Files (x86)\Google\Chrome\Application\78.0.3904.97\libglesv2.dll
[1119/121105.647:ERROR:process_memory_win.cc(73)] ReadMemory at 0x206f79a0000 of 64 bytes failed: Only part of a ReadProcessMemory or WriteProcessMemory request was completed. (0x12B)
[1119/121105.647:WARNING:pe_image_reader.cc(340)] could not read dos header from C:\WINDOWS\System32\SETUPAPI.dll
[1119/121105.647:ERROR:process_memory_win.cc(73)] ReadMemory at 0x7fff35770000 of 64 bytes failed: Only part of a ReadProcessMemory or WriteProcessMemory request was completed. (0x12B)
[1119/121105.647:WARNING:pe_image_reader.cc(340)] could not read dos header from C:\Program Files (x86)\Google\Chrome\Application\78.0.3904.97\libegl.dll
[1119/121105.647:ERROR:process_memory_win.cc(73)] ReadMemory at 0x7fff53af0000 of 64 bytes failed: Only part of a ReadProcessMemory or WriteProcessMemory request was completed. (0x12B)
[1119/121105.647:WARNING:pe_image_reader.cc(340)] could not read dos header from C:\WINDOWS\SYSTEM32\dwmapi.dll
[1119/121105.647:ERROR:process_memory_win.cc(73)] ReadMemory at 0x7fff52ab0000 of 64 bytes failed: Only part of a ReadProcessMemory or WriteProcessMemory request was completed. (0x12B)
[1119/121105.647:WARNING:pe_image_reader.cc(340)] could not read dos header from C:\WINDOWS\SYSTEM32\d3d11.dll
[1119/121105.647:ERROR:process_memory_win.cc(73)] ReadMemory at 0x7fff52d10000 of 64 bytes failed: Only part of a ReadProcessMemory or WriteProcessMemory request was completed. (0x12B)
[1119/121105.647:WARNING:pe_image_reader.cc(340)] could not read dos header from C:\WINDOWS\SYSTEM32\dcomp.dll
[1119/121105.648:ERROR:process_memory_win.cc(73)] ReadMemory at 0x7fff4c4b0000 of 64 bytes failed: Only part of a ReadProcessMemory or WriteProcessMemory request was completed. (0x12B)
[1119/121105.648:WARNING:pe_image_reader.cc(340)] could not read dos header from C:\WINDOWS\System32\DriverStore\FileRepository\iigd_base.inf_amd64_cb2476e6d04fce22\igd10iumd64.dll
[1119/121105.648:ERROR:process_memory_win.cc(73)] ReadMemory at 0x7fff55530000 of 64 bytes failed: Only part of a ReadProcessMemory or WriteProcessMemory request was completed. (0x12B)
[1119/121105.648:WARNING:pe_image_reader.cc(340)] could not read dos header from C:\WINDOWS\SYSTEM32\ncrypt.dll
[1119/121105.648:ERROR:process_memory_win.cc(73)] ReadMemory at 0x7fff554f0000 of 64 bytes failed: Only part of a ReadProcessMemory or WriteProcessMemory request was completed. (0x12B)
[1119/121105.648:WARNING:pe_image_reader.cc(340)] could not read dos header from C:\WINDOWS\SYSTEM32\NTASN1.dll
[1119/121105.648:ERROR:process_memory_win.cc(73)] ReadMemory at 0x7fff48590000 of 64 bytes failed: Only part of a ReadProcessMemory or WriteProcessMemory request was completed. (0x12B)
[1119/121105.648:WARNING:pe_image_reader.cc(340)] could not read dos header from C:\WINDOWS\System32\DriverStore\FileRepository\iigd_base.inf_amd64_cb2476e6d04fce22\igc64.dll
[1119/121105.648:ERROR:process_memory_win.cc(73)] ReadMemory at 0x7fff576b0000 of 64 bytes failed: Only part of a ReadProcessMemory or WriteProcessMemory request was completed. (0x12B)
[1119/121105.648:WARNING:pe_image_reader.cc(340)] could not read dos header from C:\WINDOWS\System32\clbcatq.dll
[1119/121105.648:ERROR:process_memory_win.cc(73)] ReadMemory at 0x7fff51650000 of 64 bytes failed: Only part of a ReadProcessMemory or WriteProcessMemory request was completed. (0x12B)
[1119/121105.648:WARNING:pe_image_reader.cc(340)] could not read dos header from C:\Windows\System32\WinTypes.dll
[1119/121105.648:ERROR:process_memory_win.cc(73)] ReadMemory at 0x7fff02260000 of 64 bytes failed: Only part of a ReadProcessMemory or WriteProcessMemory request was completed. (0x12B)
[1119/121105.648:WARNING:pe_image_reader.cc(340)] could not read dos header from C:\WINDOWS\System32\DriverStore\FileRepository\iigd_base.inf_amd64_cb2476e6d04fce22\igd11dxva64.dll
[1119/121105.648:ERROR:process_memory_win.cc(73)] ReadMemory at 0x7fff2b2a0000 of 64 bytes failed: Only part of a ReadProcessMemory or WriteProcessMemory request was completed. (0x12B)
[1119/121105.648:WARNING:pe_image_reader.cc(340)] could not read dos header from C:\Windows\System32\mfh264enc.dll
[1119/121105.648:ERROR:process_memory_win.cc(73)] ReadMemory at 0x7fff1ccf0000 of 64 bytes failed: Only part of a ReadProcessMemory or WriteProcessMemory request was completed. (0x12B)
[1119/121105.649:WARNING:pe_image_reader.cc(340)] could not read dos header from C:\Windows\System32\Windows.Media.dll
[1119/121105.649:ERROR:process_memory_win.cc(73)] ReadMemory at 0x7fff558d0000 of 64 bytes failed: Only part of a ReadProcessMemory or WriteProcessMemory request was completed. (0x12B)
[1119/121105.649:WARNING:pe_image_reader.cc(340)] could not read dos header from C:\WINDOWS\SYSTEM32\ntmarta.dll
[1119/121105.649:ERROR:process_memory_win.cc(73)] ReadMemory at 0x7fff53a30000 of 64 bytes failed: Only part of a ReadProcessMemory or WriteProcessMemory request was completed. (0x12B)
[1119/121105.649:WARNING:pe_image_reader.cc(340)] could not read dos header from C:\WINDOWS\system32\uxtheme.dll
[1119/121105.649:ERROR:process_memory_win.cc(73)] ReadMemory at 0x7fff57e70000 of 64 bytes failed: Only part of a ReadProcessMemory or WriteProcessMemory request was completed. (0x12B)
[1119/121105.649:WARNING:pe_image_reader.cc(340)] could not read dos header from C:\WINDOWS\System32\MSCTF.dll
[1119/121105.707:ERROR:process_memory_win.cc(73)] ReadMemory at 0x93d67ec000 of 81920 bytes failed: Only part of a ReadProcessMemory or WriteProcessMemory request was completed. (0x12B)
[1119/121105.939:ERROR:process_memory_win.cc(73)] ReadMemory at 0x93d6ffd000 of 12288 bytes failed: Only part of a ReadProcessMemory or WriteProcessMemory request was completed. (0x12B)
[1119/121105.939:ERROR:process_memory_win.cc(73)] ReadMemory at 0x93d77fd000 of 12288 bytes failed: Only part of a ReadProcessMemory or WriteProcessMemory request was completed. (0x12B)
[1119/121105.939:ERROR:process_memory_win.cc(73)] ReadMemory at 0x93d7ffd000 of 12288 bytes failed: Only part of a ReadProcessMemory or WriteProcessMemory request was completed. (0x12B)
[1119/121105.939:ERROR:process_memory_win.cc(73)] ReadMemory at 0x93d87fd000 of 12288 bytes failed: Only part of a ReadProcessMemory or WriteProcessMemory request was completed. (0x12B)
[1119/121105.940:ERROR:process_memory_win.cc(73)] ReadMemory at 0x93d8ffc000 of 16384 bytes failed: Only part of a ReadProcessMemory or WriteProcessMemory request was completed. (0x12B)
[1119/121105.940:ERROR:process_memory_win.cc(73)] ReadMemory at 0x93d97fe000 of 8192 bytes failed: Only part of a ReadProcessMemory or WriteProcessMemory request was completed. (0x12B)
[1119/121105.940:ERROR:process_memory_win.cc(73)] ReadMemory at 0x93d9ffc000 of 16384 bytes failed: Only part of a ReadProcessMemory or WriteProcessMemory request was completed. (0x12B)
[1119/121105.940:ERROR:process_memory_win.cc(73)] ReadMemory at 0x93dbffd000 of 12288 bytes failed: Only part of a ReadProcessMemory or WriteProcessMemory request was completed. (0x12B)
[1119/121105.940:ERROR:process_memory_win.cc(73)] ReadMemory at 0x93da7fd000 of 12288 bytes failed: Only part of a ReadProcessMemory or WriteProcessMemory request was completed. (0x12B)
[1119/121105.941:ERROR:process_memory_win.cc(73)] ReadMemory at 0x93dc7fd000 of 12288 bytes failed: Only part of a ReadProcessMemory or WriteProcessMemory request was completed. (0x12B)
[1119/121105.941:ERROR:process_memory_win.cc(73)] ReadMemory at 0x93db7fe000 of 8192 bytes failed: Only part of a ReadProcessMemory or WriteProcessMemory request was completed. (0x12B)
[1119/121105.941:ERROR:process_memory_win.cc(73)] ReadMemory at 0x93d5e00000 of 6024 bytes failed: Only part of a ReadProcessMemory or WriteProcessMemory request was completed. (0x12B)
[1119/121105.941:ERROR:process_memory_win.cc(73)] ReadMemory at 0x93d5e02000 of 6024 bytes failed: Only part of a ReadProcessMemory or WriteProcessMemory request was completed. (0x12B)
[1119/121105.941:ERROR:process_memory_win.cc(73)] ReadMemory at 0x93d5e04000 of 6024 bytes failed: Only part of a ReadProcessMemory or WriteProcessMemory request was completed. (0x12B)
[1119/121105.941:ERROR:process_memory_win.cc(73)] ReadMemory at 0x93d5e06000 of 6024 bytes failed: Only part of a ReadProcessMemory or WriteProcessMemory request was completed. (0x12B)
[1119/121105.942:ERROR:process_memory_win.cc(73)] ReadMemory at 0x93d5e08000 of 6024 bytes failed: Only part of a ReadProcessMemory or WriteProcessMemory request was completed. (0x12B)
[1119/121105.944:ERROR:process_memory_win.cc(73)] ReadMemory at 0x93d5e0a000 of 6024 bytes failed: Only part of a ReadProcessMemory or WriteProcessMemory request was completed. (0x12B)
[1119/121105.944:ERROR:process_memory_win.cc(73)] ReadMemory at 0x93d5e0c000 of 6024 bytes failed: Only part of a ReadProcessMemory or WriteProcessMemory request was completed. (0x12B)
[1119/121105.944:ERROR:process_memory_win.cc(73)] ReadMemory at 0x93d5e14000 of 6024 bytes failed: Only part of a ReadProcessMemory or WriteProcessMemory request was completed. (0x12B)
[1119/121105.944:ERROR:process_memory_win.cc(73)] ReadMemory at 0x93d5e22000 of 6024 bytes failed: Only part of a ReadProcessMemory or WriteProcessMemory request was completed. (0x12B)
[1119/121105.944:ERROR:process_memory_win.cc(73)] ReadMemory at 0x93d5e24000 of 6024 bytes failed: Only part of a ReadProcessMemory or WriteProcessMemory request was completed. (0x12B)
[1119/121105.945:ERROR:process_memory_win.cc(73)] ReadMemory at 0x93d5e74000 of 6024 bytes failed: Only part of a ReadProcessMemory or WriteProcessMemory request was completed. (0x12B)
[1119/121105.945:ERROR:process_memory_win.cc(73)] ReadMemory at 0x93d5ffd000 of 852 bytes failed: Only part of a ReadProcessMemory or WriteProcessMemory request was completed. (0x12B)
[1119/121105.945:ERROR:process_memory_win.cc(73)] ReadMemory at 0x93d5ffe000 of 6024 bytes failed: Only part of a ReadProcessMemory or WriteProcessMemory request was completed. (0x12B)
[1119/121105.945:ERROR:process_memory_win.cc(73)] ReadMemory at 0x206800a8980 of 512 bytes failed: Only part of a ReadProcessMemory or WriteProcessMemory request was completed. (0x12B)
[1119/121105.945:ERROR:process_memory_win.cc(73)] ReadMemory at 0x206800b4d90 of 512 bytes failed: Only part of a ReadProcessMemory or WriteProcessMemory request was completed. (0x12B)
[1119/121105.945:ERROR:process_memory_win.cc(73)] ReadMemory at 0x20680a7fbd0 of 512 bytes failed: Only part of a ReadProcessMemory or WriteProcessMemory request was completed. (0x12B)
[1119/121105.945:ERROR:process_memory_win.cc(73)] ReadMemory at 0x20681040000 of 384 bytes failed: Only part of a ReadProcessMemory or WriteProcessMemory request was completed. (0x12B)
[1119/121105.945:ERROR:process_memory_win.cc(73)] ReadMemory at 0x206811c4830 of 512 bytes failed: Only part of a ReadProcessMemory or WriteProcessMemory request was completed. (0x12B)
[1119/121105.946:ERROR:process_memory_win.cc(73)] ReadMemory at 0x206f5430750 of 144 bytes failed: Only part of a ReadProcessMemory or WriteProcessMemory request was completed. (0x12B)
[1119/121105.946:ERROR:process_memory_win.cc(73)] ReadMemory at 0x206f5430ad0 of 1016 bytes failed: Only part of a ReadProcessMemory or WriteProcessMemory request was completed. (0x12B)
[1119/121105.946:ERROR:process_memory_win.cc(73)] ReadMemory at 0x206f5430fe0 of 3794 bytes failed: Only part of a ReadProcessMemory or WriteProcessMemory request was completed. (0x12B)
[1119/121105.946:ERROR:process_memory_win.cc(73)] ReadMemory at 0x206f5431ec0 of 1012 bytes failed: Only part of a ReadProcessMemory or WriteProcessMemory request was completed. (0x12B)
[1119/121105.946:ERROR:process_memory_win.cc(73)] ReadMemory at 0x206f5432508 of 118 bytes failed: Only part of a ReadProcessMemory or WriteProcessMemory request was completed. (0x12B)
[1119/121105.946:ERROR:process_memory_win.cc(73)] ReadMemory at 0x206f5432580 of 988 bytes failed: Only part of a ReadProcessMemory or WriteProcessMemory request was completed. (0x12B)
[1119/121105.946:ERROR:process_memory_win.cc(73)] ReadMemory at 0x206f543295e of 118 bytes failed: Only part of a ReadProcessMemory or WriteProcessMemory request was completed. (0x12B)
[1119/121105.946:ERROR:process_memory_win.cc(73)] ReadMemory at 0x206f54329d6 of 30 bytes failed: Only part of a ReadProcessMemory or WriteProcessMemory request was completed. (0x12B)
[1119/121105.946:ERROR:process_memory_win.cc(73)] ReadMemory at 0x206f5432a00 of 58 bytes failed: Only part of a ReadProcessMemory or WriteProcessMemory request was completed. (0x12B)
[1119/121105.946:ERROR:process_memory_win.cc(73)] ReadMemory at 0x206f5432b00 of 132 bytes failed: Only part of a ReadProcessMemory or WriteProcessMemory request was completed. (0x12B)
[1119/121105.946:ERROR:process_memory_win.cc(73)] ReadMemory at 0x206f5432c90 of 132 bytes failed: Only part of a ReadProcessMemory or WriteProcessMemory request was completed. (0x12B)
[1119/121105.946:ERROR:process_memory_win.cc(73)] ReadMemory at 0x206f5433230 of 132 bytes failed: Only part of a ReadProcessMemory or WriteProcessMemory request was completed. (0x12B)
[1119/121105.946:ERROR:process_memory_win.cc(73)] ReadMemory at 0x206f54333c0 of 64 bytes failed: Only part of a ReadProcessMemory or WriteProcessMemory request was completed. (0x12B)
[1119/121105.946:ERROR:process_memory_win.cc(73)] ReadMemory at 0x206f5433410 of 132 bytes failed: Only part of a ReadProcessMemory or WriteProcessMemory request was completed. (0x12B)
[1119/121105.946:ERROR:process_memory_win.cc(73)] ReadMemory at 0x206f5433580 of 132 bytes failed: Only part of a ReadProcessMemory or WriteProcessMemory request was completed. (0x12B)
[1119/121105.946:ERROR:process_memory_win.cc(73)] ReadMemory at 0x206f5433820 of 132 bytes failed: Only part of a ReadProcessMemory or WriteProcessMemory request was completed. (0x12B)
[1119/121105.946:ERROR:process_memory_win.cc(73)] ReadMemory at 0x206f54339b0 of 68 bytes failed: Only part of a ReadProcessMemory or WriteProcessMemory request was completed. (0x12B)
[1119/121105.947:ERROR:process_memory_win.cc(73)] ReadMemory at 0x206f5434af0 of 132 bytes failed: Only part of a ReadProcessMemory or WriteProcessMemory request was completed. (0x12B)
[1119/121105.947:ERROR:process_memory_win.cc(73)] ReadMemory at 0x206f5434c80 of 152 bytes failed: Only part of a ReadProcessMemory or WriteProcessMemory request was completed. (0x12B)
[1119/121105.947:ERROR:process_memory_win.cc(73)] ReadMemory at 0x206f5435b30 of 62 bytes failed: Only part of a ReadProcessMemory or WriteProcessMemory request was completed. (0x12B)
[1119/121105.947:ERROR:process_memory_win.cc(73)] ReadMemory at 0x206f5435cc0 of 60 bytes failed: Only part of a ReadProcessMemory or WriteProcessMemory request was completed. (0x12B)
[1119/121105.947:ERROR:process_memory_win.cc(73)] ReadMemory at 0x206f54360f0 of 132 bytes failed: Only part of a ReadProcessMemory or WriteProcessMemory request was completed. (0x12B)
[1119/121105.947:ERROR:process_memory_win.cc(73)] ReadMemory at 0x206f5436820 of 64 bytes failed: Only part of a ReadProcessMemory or WriteProcessMemory request was completed. (0x12B)
[1119/121105.947:ERROR:process_memory_win.cc(73)] ReadMemory at 0x206f54368c0 of 62 bytes failed: Only part of a ReadProcessMemory or WriteProcessMemory request was completed. (0x12B)
[1119/121105.948:ERROR:process_memory_win.cc(73)] ReadMemory at 0x206f5436960 of 64 bytes failed: Only part of a ReadProcessMemory or WriteProcessMemory request was completed. (0x12B)
[1119/121105.948:ERROR:process_memory_win.cc(73)] ReadMemory at 0x206f5436a00 of 64 bytes failed: Only part of a ReadProcessMemory or WriteProcessMemory request was completed. (0x12B)
[1119/121105.948:ERROR:process_memory_win.cc(73)] ReadMemory at 0x206f5436a50 of 60 bytes failed: Only part of a ReadProcessMemory or WriteProcessMemory request was completed. (0x12B)
[1119/121105.948:ERROR:process_memory_win.cc(73)] ReadMemory at 0x206f5436aa0 of 62 bytes failed: Only part of a ReadProcessMemory or WriteProcessMemory request was completed. (0x12B)
[1119/121105.948:ERROR:process_memory_win.cc(73)] ReadMemory at 0x206f5436af0 of 60 bytes failed: Only part of a ReadProcessMemory or WriteProcessMemory request was completed. (0x12B)
[1119/121105.948:ERROR:process_memory_win.cc(73)] ReadMemory at 0x206f5436b90 of 58 bytes failed: Only part of a ReadProcessMemory or WriteProcessMemory request was completed. (0x12B)
[1119/121105.948:ERROR:process_memory_win.cc(73)] ReadMemory at 0x206f5436be0 of 58 bytes failed: Only part of a ReadProcessMemory or WriteProcessMemory request was completed. (0x12B)
[1119/121105.948:ERROR:process_memory_win.cc(73)] ReadMemory at 0x206f5436c30 of 62 bytes failed: Only part of a ReadProcessMemory or WriteProcessMemory request was completed. (0x12B)
[1119/121105.948:ERROR:process_memory_win.cc(73)] ReadMemory at 0x206f5436c80 of 60 bytes failed: Only part of a ReadProcessMemory or WriteProcessMemory request was completed. (0x12B)
[1119/121105.949:ERROR:process_memory_win.cc(73)] ReadMemory at 0x206f5436cd0 of 60 bytes failed: Only part of a ReadProcessMemory or WriteProcessMemory request was completed. (0x12B)
[1119/121105.949:ERROR:process_memory_win.cc(73)] ReadMemory at 0x206f5436d20 of 62 bytes failed: Only part of a ReadProcessMemory or WriteProcessMemory request was completed. (0x12B)
[1119/121105.949:ERROR:process_memory_win.cc(73)] ReadMemory at 0x206f5436d70 of 64 bytes failed: Only part of a ReadProcessMemory or WriteProcessMemory request was completed. (0x12B)
[1119/121105.949:ERROR:process_memory_win.cc(73)] ReadMemory at 0x206f5436e10 of 62 bytes failed: Only part of a ReadProcessMemory or WriteProcessMemory request was completed. (0x12B)
[1119/121105.949:ERROR:process_memory_win.cc(73)] ReadMemory at 0x206f5436e60 of 62 bytes failed: Only part of a ReadProcessMemory or WriteProcessMemory request was completed. (0x12B)
[1119/121105.949:ERROR:process_memory_win.cc(73)] ReadMemory at 0x206f5436f00 of 62 bytes failed: Only part of a ReadProcessMemory or WriteProcessMemory request was completed. (0x12B)
[1119/121105.949:ERROR:process_memory_win.cc(73)] ReadMemory at 0x206f5436f50 of 64 bytes failed: Only part of a ReadProcessMemory or WriteProcessMemory request was completed. (0x12B)
[1119/121105.949:ERROR:process_memory_win.cc(73)] ReadMemory at 0x206f5437280 of 156 bytes failed: Only part of a ReadProcessMemory or WriteProcessMemory request was completed. (0x12B)
[1119/121105.949:ERROR:process_memory_win.cc(73)] ReadMemory at 0x206f54397f0 of 132 bytes failed: Only part of a ReadProcessMemory or WriteProcessMemory request was completed. (0x12B)
[1119/121105.949:ERROR:process_memory_win.cc(73)] ReadMemory at 0x206f5439920 of 132 bytes failed: Only part of a ReadProcessMemory or WriteProcessMemory request was completed. (0x12B)
[1119/121105.949:ERROR:process_memory_win.cc(73)] ReadMemory at 0x206f5439ab0 of 80 bytes failed: Only part of a ReadProcessMemory or WriteProcessMemory request was completed. (0x12B)
[1119/121105.950:ERROR:process_memory_win.cc(73)] ReadMemory at 0x206f5439ca0 of 66 bytes failed: Only part of a ReadProcessMemory or WriteProcessMemory request was completed. (0x12B)
[1119/121105.950:ERROR:process_memory_win.cc(73)] ReadMemory at 0x206f5439d40 of 64 bytes failed: Only part of a ReadProcessMemory or WriteProcessMemory request was completed. (0x12B)
[1119/121105.950:ERROR:process_memory_win.cc(73)] ReadMemory at 0x206f5439de0 of 62 bytes failed: Only part of a ReadProcessMemory or WriteProcessMemory request was completed. (0x12B)
[1119/121105.950:ERROR:process_memory_win.cc(73)] ReadMemory at 0x206f5439f70 of 60 bytes failed: Only part of a ReadProcessMemory or WriteProcessMemory request was completed. (0x12B)
[1119/121105.950:ERROR:process_memory_win.cc(73)] ReadMemory at 0x206f5439fc0 of 66 bytes failed: Only part of a ReadProcessMemory or WriteProcessMemory request was completed. (0x12B)
[1119/121105.950:ERROR:process_memory_win.cc(73)] ReadMemory at 0x206f543a060 of 60 bytes failed: Only part of a ReadProcessMemory or WriteProcessMemory request was completed. (0x12B)
[1119/121105.950:ERROR:process_memory_win.cc(73)] ReadMemory at 0x206f543a100 of 64 bytes failed: Only part of a ReadProcessMemory or WriteProcessMemory request was completed. (0x12B)
[1119/121105.950:ERROR:process_memory_win.cc(73)] ReadMemory at 0x206f543a150 of 60 bytes failed: Only part of a ReadProcessMemory or WriteProcessMemory request was completed. (0x12B)
[1119/121105.950:ERROR:process_memory_win.cc(73)] ReadMemory at 0x206f543a380 of 58 bytes failed: Only part of a ReadProcessMemory or WriteProcessMemory request was completed. (0x12B)
[1119/121105.950:ERROR:process_memory_win.cc(73)] ReadMemory at 0x206f543d380 of 132 bytes failed: Only part of a ReadProcessMemory or WriteProcessMemory request was completed. (0x12B)
[1119/121105.951:ERROR:process_memory_win.cc(73)] ReadMemory at 0x206f543ea10 of 54 bytes failed: Only part of a ReadProcessMemory or WriteProcessMemory request was completed. (0x12B)
[1119/121105.951:ERROR:process_memory_win.cc(73)] ReadMemory at 0x206f543ed50 of 132 bytes failed: Only part of a ReadProcessMemory or WriteProcessMemory request was completed. (0x12B)
[1119/121105.951:ERROR:process_memory_win.cc(73)] ReadMemory at 0x206f543ee80 of 132 bytes failed: Only part of a ReadProcessMemory or WriteProcessMemory request was completed. (0x12B)
[1119/121105.951:ERROR:process_memory_win.cc(73)] ReadMemory at 0x206f543efb0 of 132 bytes failed: Only part of a ReadProcessMemory or WriteProcessMemory request was completed. (0x12B)
[1119/121105.951:ERROR:process_memory_win.cc(73)] ReadMemory at 0x206f543f590 of 132 bytes failed: Only part of a ReadProcessMemory or WriteProcessMemory request was completed. (0x12B)
[1119/121105.951:ERROR:process_memory_win.cc(73)] ReadMemory at 0x206f54415a0 of 132 bytes failed: Only part of a ReadProcessMemory or WriteProcessMemory request was completed. (0x12B)
[1119/121105.951:ERROR:process_memory_win.cc(73)] ReadMemory at 0x206f54417b0 of 132 bytes failed: Only part of a ReadProcessMemory or WriteProcessMemory request was completed. (0x12B)
[1119/121105.951:ERROR:process_memory_win.cc(73)] ReadMemory at 0x206f5446790 of 132 bytes failed: Only part of a ReadProcessMemory or WriteProcessMemory request was completed. (0x12B)
[1119/121105.951:ERROR:process_memory_win.cc(73)] ReadMemory at 0x206f54468c0 of 132 bytes failed: Only part of a ReadProcessMemory or WriteProcessMemory request was completed. (0x12B)
[1119/121105.951:ERROR:process_memory_win.cc(73)] ReadMemory at 0x206f54469f0 of 132 bytes failed: Only part of a ReadProcessMemory or WriteProcessMemory request was completed. (0x12B)
[1119/121105.952:ERROR:process_memory_win.cc(73)] ReadMemory at 0x206f5446b20 of 132 bytes failed: Only part of a ReadProcessMemory or WriteProcessMemory request was completed. (0x12B)
[1119/121105.952:ERROR:process_memory_win.cc(73)] ReadMemory at 0x206f5446c50 of 132 bytes failed: Only part of a ReadProcessMemory or WriteProcessMemory request was completed. (0x12B)
[1119/121105.952:ERROR:process_memory_win.cc(73)] ReadMemory at 0x206f5446d80 of 132 bytes failed: Only part of a ReadProcessMemory or WriteProcessMemory request was completed. (0x12B)
[1119/121105.952:ERROR:process_memory_win.cc(73)] ReadMemory at 0x206f5446eb0 of 132 bytes failed: Only part of a ReadProcessMemory or WriteProcessMemory request was completed. (0x12B)
[1119/121105.952:ERROR:process_memory_win.cc(73)] ReadMemory at 0x206f5446fe0 of 132 bytes failed: Only part of a ReadProcessMemory or WriteProcessMemory request was completed. (0x12B)
[1119/121105.952:ERROR:process_memory_win.cc(73)] ReadMemory at 0x206f5447110 of 132 bytes failed: Only part of a ReadProcessMemory or WriteProcessMemory request was completed. (0x12B)
[1119/121105.952:ERROR:process_memory_win.cc(73)] ReadMemory at 0x206f5447240 of 132 bytes failed: Only part of a ReadProcessMemory or WriteProcessMemory request was completed. (0x12B)
[1119/121105.952:ERROR:process_memory_win.cc(73)] ReadMemory at 0x206f5447370 of 132 bytes failed: Only part of a ReadProcessMemory or WriteProcessMemory request was completed. (0x12B)
[1119/121105.953:ERROR:process_memory_win.cc(73)] ReadMemory at 0x206f54474a0 of 132 bytes failed: Only part of a ReadProcessMemory or WriteProcessMemory request was completed. (0x12B)
[1119/121105.953:ERROR:process_memory_win.cc(73)] ReadMemory at 0x206f54475d0 of 132 bytes failed: Only part of a ReadProcessMemory or WriteProcessMemory request was completed. (0x12B)
[1119/121105.953:ERROR:process_memory_win.cc(73)] ReadMemory at 0x206f54483a0 of 72 bytes failed: Only part of a ReadProcessMemory or WriteProcessMemory request was completed. (0x12B)
[1119/121105.953:ERROR:process_memory_win.cc(73)] ReadMemory at 0x206f5448940 of 76 bytes failed: Only part of a ReadProcessMemory or WriteProcessMemory request was completed. (0x12B)
[1119/121105.953:ERROR:process_memory_win.cc(73)] ReadMemory at 0x206f5449ac0 of 132 bytes failed: Only part of a ReadProcessMemory or WriteProcessMemory request was completed. (0x12B)
[1119/121105.953:ERROR:process_memory_win.cc(73)] ReadMemory at 0x206f5449bf0 of 132 bytes failed: Only part of a ReadProcessMemory or WriteProcessMemory request was completed. (0x12B)
[1119/121105.953:ERROR:process_memory_win.cc(73)] ReadMemory at 0x206f5449d20 of 132 bytes failed: Only part of a ReadProcessMemory or WriteProcessMemory request was completed. (0x12B)
[1119/121105.953:ERROR:process_memory_win.cc(73)] ReadMemory at 0x206f5449e50 of 132 bytes failed: Only part of a ReadProcessMemory or WriteProcessMemory request was completed. (0x12B)
[1119/121105.953:ERROR:process_memory_win.cc(73)] ReadMemory at 0x206f5449f80 of 132 bytes failed: Only part of a ReadProcessMemory or WriteProcessMemory request was completed. (0x12B)
[1119/121105.953:ERROR:process_memory_win.cc(73)] ReadMemory at 0x206f544a0b0 of 132 bytes failed: Only part of a ReadProcessMemory or WriteProcessMemory request was completed. (0x12B)
[1119/121105.954:ERROR:process_memory_win.cc(73)] ReadMemory at 0x206f544a1e0 of 132 bytes failed: Only part of a ReadProcessMemory or WriteProcessMemory request was completed. (0x12B)
[1119/121105.954:ERROR:process_memory_win.cc(73)] ReadMemory at 0x206f544a310 of 132 bytes failed: Only part of a ReadProcessMemory or WriteProcessMemory request was completed. (0x12B)
[1119/121105.954:ERROR:process_memory_win.cc(73)] ReadMemory at 0x206f544a440 of 132 bytes failed: Only part of a ReadProcessMemory or WriteProcessMemory request was completed. (0x12B)
[1119/121105.954:ERROR:process_memory_win.cc(73)] ReadMemory at 0x206f544a570 of 132 bytes failed: Only part of a ReadProcessMemory or WriteProcessMemory request was completed. (0x12B)
[1119/121105.954:ERROR:process_memory_win.cc(73)] ReadMemory at 0x206f544a6a0 of 132 bytes failed: Only part of a ReadProcessMemory or WriteProcessMemory request was completed. (0x12B)
[1119/121105.954:ERROR:process_memory_win.cc(73)] ReadMemory at 0x206f544a7d0 of 132 bytes failed: Only part of a ReadProcessMemory or WriteProcessMemory request was completed. (0x12B)
[1119/121105.954:ERROR:process_memory_win.cc(73)] ReadMemory at 0x206f544a900 of 132 bytes failed: Only part of a ReadProcessMemory or WriteProcessMemory request was completed. (0x12B)
[1119/121105.954:ERROR:process_memory_win.cc(73)] ReadMemory at 0x206f544aa30 of 132 bytes failed: Only part of a ReadProcessMemory or WriteProcessMemory request was completed. (0x12B)
[1119/121105.954:ERROR:process_memory_win.cc(73)] ReadMemory at 0x206f544ab60 of 132 bytes failed: Only part of a ReadProcessMemory or WriteProcessMemory request was completed. (0x12B)
[1119/121105.955:ERROR:process_memory_win.cc(73)] ReadMemory at 0x206f544ac90 of 132 bytes failed: Only part of a ReadProcessMemory or WriteProcessMemory request was completed. (0x12B)
[1119/121105.955:ERROR:process_memory_win.cc(73)] ReadMemory at 0x206f544adc0 of 132 bytes failed: Only part of a ReadProcessMemory or WriteProcessMemory request was completed. (0x12B)
[1119/121105.955:ERROR:process_memory_win.cc(73)] ReadMemory at 0x206f544aef0 of 132 bytes failed: Only part of a ReadProcessMemory or WriteProcessMemory request was completed. (0x12B)
[1119/121106.022:ERROR:process_memory_win.cc(73)] ReadMemory at 0x206f544b020 of 132 bytes failed: Only part of a ReadProcessMemory or WriteProcessMemory request was completed. (0x12B)
[1119/121106.022:ERROR:process_memory_win.cc(73)] ReadMemory at 0x206f544b150 of 132 bytes failed: Only part of a ReadProcessMemory or WriteProcessMemory request was completed. (0x12B)
[1119/121106.023:ERROR:process_memory_win.cc(73)] ReadMemory at 0x206f544b280 of 132 bytes failed: Only part of a ReadProcessMemory or WriteProcessMemory request was completed. (0x12B)
[1119/121106.023:ERROR:process_memory_win.cc(73)] ReadMemory at 0x206f544b3b0 of 132 bytes failed: Only part of a ReadProcessMemory or WriteProcessMemory request was completed. (0x12B)
[1119/121106.023:ERROR:process_memory_win.cc(73)] ReadMemory at 0x206f544b4e0 of 132 bytes failed: Only part of a ReadProcessMemory or WriteProcessMemory request was completed. (0x12B)
[1119/121106.023:ERROR:process_memory_win.cc(73)] ReadMemory at 0x206f544b610 of 132 bytes failed: Only part of a ReadProcessMemory or WriteProcessMemory request was completed. (0x12B)
[1119/121106.023:ERROR:process_memory_win.cc(73)] ReadMemory at 0x206f544b740 of 132 bytes failed: Only part of a ReadProcessMemory or WriteProcessMemory request was completed. (0x12B)
[1119/121106.023:ERROR:process_memory_win.cc(73)] ReadMemory at 0x206f544b870 of 132 bytes failed: Only part of a ReadProcessMemory or WriteProcessMemory request was completed. (0x12B)
[1119/121106.023:ERROR:process_memory_win.cc(73)] ReadMemory at 0x206f544cfa0 of 186 bytes failed: Only part of a ReadProcessMemory or WriteProcessMemory request was completed. (0x12B)
[1119/121106.023:ERROR:process_memory_win.cc(73)] ReadMemory at 0x206f544d480 of 198 bytes failed: Only part of a ReadProcessMemory or WriteProcessMemory request was completed. (0x12B)
[1119/121106.024:ERROR:process_memory_win.cc(73)] ReadMemory at 0x206f544e620 of 150 bytes failed: Only part of a ReadProcessMemory or WriteProcessMemory request was completed. (0x12B)
[1119/121106.024:ERROR:process_memory_win.cc(73)] ReadMemory at 0x206f544ef10 of 56 bytes failed: Only part of a ReadProcessMemory or WriteProcessMemory request was completed. (0x12B)
[1119/121106.024:ERROR:process_memory_win.cc(73)] ReadMemory at 0x206f544f1e0 of 60 bytes failed: Only part of a ReadProcessMemory or WriteProcessMemory request was completed. (0x12B)
[1119/121106.024:ERROR:process_memory_win.cc(73)] ReadMemory at 0x206f544f2d0 of 62 bytes failed: Only part of a ReadProcessMemory or WriteProcessMemory request was completed. (0x12B)
[1119/121106.024:ERROR:process_memory_win.cc(73)] ReadMemory at 0x206f544f320 of 62 bytes failed: Only part of a ReadProcessMemory or WriteProcessMemory request was completed. (0x12B)
[1119/121106.024:ERROR:process_memory_win.cc(73)] ReadMemory at 0x206f544f500 of 66 bytes failed: Only part of a ReadProcessMemory or WriteProcessMemory request was completed. (0x12B)
[1119/121106.024:ERROR:process_memory_win.cc(73)] ReadMemory at 0x206f544f550 of 60 bytes failed: Only part of a ReadProcessMemory or WriteProcessMemory request was completed. (0x12B)
[1119/121106.024:ERROR:process_memory_win.cc(73)] ReadMemory at 0x206f544f870 of 64 bytes failed: Only part of a ReadProcessMemory or WriteProcessMemory request was completed. (0x12B)
[1119/121106.028:ERROR:process_memory_win.cc(73)] ReadMemory at 0x206f544fa00 of 66 bytes failed: Only part of a ReadProcessMemory or WriteProcessMemory request was completed. (0x12B)
[1119/121106.028:ERROR:process_memory_win.cc(73)] ReadMemory at 0x206f544faa0 of 58 bytes failed: Only part of a ReadProcessMemory or WriteProcessMemory request was completed. (0x12B)
[1119/121106.028:ERROR:process_memory_win.cc(73)] ReadMemory at 0x206f5454310 of 52 bytes failed: Only part of a ReadProcessMemory or WriteProcessMemory request was completed. (0x12B)
[1119/121106.029:ERROR:process_memory_win.cc(73)] ReadMemory at 0x206f5460240 of 70 bytes failed: Only part of a ReadProcessMemory or WriteProcessMemory request was completed. (0x12B)
[1119/121106.029:ERROR:process_memory_win.cc(73)] ReadMemory at 0x206f5460830 of 60 bytes failed: Only part of a ReadProcessMemory or WriteProcessMemory request was completed. (0x12B)
[1119/121106.029:ERROR:process_memory_win.cc(73)] ReadMemory at 0x206f5460970 of 62 bytes failed: Only part of a ReadProcessMemory or WriteProcessMemory request was completed. (0x12B)
[1119/121106.029:ERROR:process_memory_win.cc(73)] ReadMemory at 0x206f5460ab0 of 58 bytes failed: Only part of a ReadProcessMemory or WriteProcessMemory request was completed. (0x12B)
[1119/121106.029:ERROR:process_memory_win.cc(73)] ReadMemory at 0x206f5460b00 of 62 bytes failed: Only part of a ReadProcessMemory or WriteProcessMemory request was completed. (0x12B)
[1119/121106.029:ERROR:process_memory_win.cc(73)] ReadMemory at 0x206f5460b50 of 58 bytes failed: Only part of a ReadProcessMemory or WriteProcessMemory request was completed. (0x12B)
[1119/121106.040:ERROR:process_memory_win.cc(73)] ReadMemory at 0x206f5460ba0 of 68 bytes failed: Only part of a ReadProcessMemory or WriteProcessMemory request was completed. (0x12B)
[1119/121106.040:ERROR:process_memory_win.cc(73)] ReadMemory at 0x206f5460ce0 of 64 bytes failed: Only part of a ReadProcessMemory or WriteProcessMemory request was completed. (0x12B)
[1119/121106.041:ERROR:process_memory_win.cc(73)] ReadMemory at 0x206f5460ec0 of 62 bytes failed: Only part of a ReadProcessMemory or WriteProcessMemory request was completed. (0x12B)
[1119/121106.041:ERROR:process_memory_win.cc(73)] ReadMemory at 0x206f5462b50 of 124 bytes failed: Only part of a ReadProcessMemory or WriteProcessMemory request was completed. (0x12B)
[1119/121106.041:ERROR:process_memory_win.cc(73)] ReadMemory at 0x206f54693b0 of 132 bytes failed: Only part of a ReadProcessMemory or WriteProcessMemory request was completed. (0x12B)
[1119/121106.041:ERROR:process_memory_win.cc(73)] ReadMemory at 0x206f54694e0 of 132 bytes failed: Only part of a ReadProcessMemory or WriteProcessMemory request was completed. (0x12B)
[1119/121106.041:ERROR:process_memory_win.cc(73)] ReadMemory at 0x206f5469610 of 132 bytes failed: Only part of a ReadProcessMemory or WriteProcessMemory request was completed. (0x12B)
[1119/121106.044:ERROR:process_memory_win.cc(73)] ReadMemory at 0x206f5469740 of 132 bytes failed: Only part of a ReadProcessMemory or WriteProcessMemory request was completed. (0x12B)
[1119/121106.044:ERROR:process_memory_win.cc(73)] ReadMemory at 0x206f54699a0 of 132 bytes failed: Only part of a ReadProcessMemory or WriteProcessMemory request was completed. (0x12B)
[1119/121106.045:ERROR:process_memory_win.cc(73)] ReadMemory at 0x206f5469ad0 of 132 bytes failed: Only part of a ReadProcessMemory or WriteProcessMemory request was completed. (0x12B)
[1119/121106.045:ERROR:process_memory_win.cc(73)] ReadMemory at 0x206f5469c00 of 132 bytes failed: Only part of a ReadProcessMemory or WriteProcessMemory request was completed. (0x12B)
[1119/121106.045:ERROR:process_memory_win.cc(73)] ReadMemory at 0x206f5469d30 of 132 bytes failed: Only part of a ReadProcessMemory or WriteProcessMemory request was completed. (0x12B)
[1119/121106.045:ERROR:process_memory_win.cc(73)] ReadMemory at 0x206f5469e60 of 132 bytes failed: Only part of a ReadProcessMemory or WriteProcessMemory request was completed. (0x12B)
[1119/121106.045:ERROR:process_memory_win.cc(73)] ReadMemory at 0x206f5469f90 of 132 bytes failed: Only part of a ReadProcessMemory or WriteProcessMemory request was completed. (0x12B)
[1119/121106.045:ERROR:process_memory_win.cc(73)] ReadMemory at 0x206f546a0c0 of 132 bytes failed: Only part of a ReadProcessMemory or WriteProcessMemory request was completed. (0x12B)
[1119/121106.046:ERROR:process_memory_win.cc(73)] ReadMemory at 0x206f546a1f0 of 132 bytes failed: Only part of a ReadProcessMemory or WriteProcessMemory request was completed. (0x12B)
[1119/121106.046:ERROR:process_memory_win.cc(73)] ReadMemory at 0x206f546a320 of 132 bytes failed: Only part of a ReadProcessMemory or WriteProcessMemory request was completed. (0x12B)
[1119/121106.046:ERROR:process_memory_win.cc(73)] ReadMemory at 0x206f546a450 of 132 bytes failed: Only part of a ReadProcessMemory or WriteProcessMemory request was completed. (0x12B)
[1119/121106.046:ERROR:process_memory_win.cc(73)] ReadMemory at 0x206f546aa40 of 132 bytes failed: Only part of a ReadProcessMemory or WriteProcessMemory request was completed. (0x12B)
[1119/121106.046:ERROR:process_memory_win.cc(73)] ReadMemory at 0x206f546ab70 of 132 bytes failed: Only part of a ReadProcessMemory or WriteProcessMemory request was completed. (0x12B)
[1119/121106.046:ERROR:process_memory_win.cc(73)] ReadMemory at 0x206f546aca0 of 132 bytes failed: Only part of a ReadProcessMemory or WriteProcessMemory request was completed. (0x12B)
[1119/121106.047:ERROR:process_memory_win.cc(73)] ReadMemory at 0x206f546add0 of 132 bytes failed: Only part of a ReadProcessMemory or WriteProcessMemory request was completed. (0x12B)
[1119/121106.047:ERROR:process_memory_win.cc(73)] ReadMemory at 0x206f546af00 of 132 bytes failed: Only part of a ReadProcessMemory or WriteProcessMemory request was completed. (0x12B)
[1119/121106.047:ERROR:process_memory_win.cc(73)] ReadMemory at 0x206f546b160 of 132 bytes failed: Only part of a ReadProcessMemory or WriteProcessMemory request was completed. (0x12B)
[1119/121106.047:ERROR:process_memory_win.cc(73)] ReadMemory at 0x206f546bea0 of 76 bytes failed: Only part of a ReadProcessMemory or WriteProcessMemory request was completed. (0x12B)
[1119/121106.047:ERROR:process_memory_win.cc(73)] ReadMemory at 0x206f546c600 of 58 bytes failed: Only part of a ReadProcessMemory or WriteProcessMemory request was completed. (0x12B)
[1119/121106.047:ERROR:process_memory_win.cc(73)] ReadMemory at 0x206f546c650 of 58 bytes failed: Only part of a ReadProcessMemory or WriteProcessMemory request was completed. (0x12B)
[1119/121106.047:ERROR:process_memory_win.cc(73)] ReadMemory at 0x206f546ca60 of 60 bytes failed: Only part of a ReadProcessMemory or WriteProcessMemory request was completed. (0x12B)
[1119/121106.047:ERROR:process_memory_win.cc(73)] ReadMemory at 0x206f546cc40 of 60 bytes failed: Only part of a ReadProcessMemory or WriteProcessMemory request was completed. (0x12B)
[1119/121106.048:ERROR:process_memory_win.cc(73)] ReadMemory at 0x206f546d280 of 60 bytes failed: Only part of a ReadProcessMemory or WriteProcessMemory request was completed. (0x12B)
[1119/121106.048:ERROR:process_memory_win.cc(73)] ReadMemory at 0x206f546d320 of 64 bytes failed: Only part of a ReadProcessMemory or WriteProcessMemory request was completed. (0x12B)
[1119/121106.048:ERROR:process_memory_win.cc(73)] ReadMemory at 0x206f54fcf60 of 62 bytes failed: Only part of a ReadProcessMemory or WriteProcessMemory request was completed. (0x12B)
[1119/121106.048:ERROR:process_memory_win.cc(73)] ReadMemory at 0x206f54fd6e0 of 64 bytes failed: Only part of a ReadProcessMemory or WriteProcessMemory request was completed. (0x12B)
[1119/121106.048:ERROR:process_memory_win.cc(73)] ReadMemory at 0x206f5509ce0 of 512 bytes failed: Only part of a ReadProcessMemory or WriteProcessMemory request was completed. (0x12B)
[1119/121106.048:ERROR:process_memory_win.cc(73)] ReadMemory at 0x206f5520f80 of 198 bytes failed: Only part of a ReadProcessMemory or WriteProcessMemory request was completed. (0x12B)
[1119/121106.048:ERROR:process_memory_win.cc(73)] ReadMemory at 0x206f5525c40 of 66 bytes failed: Only part of a ReadProcessMemory or WriteProcessMemory request was completed. (0x12B)
[1119/121106.048:ERROR:process_memory_win.cc(73)] ReadMemory at 0x206f5525dd0 of 62 bytes failed: Only part of a ReadProcessMemory or WriteProcessMemory request was completed. (0x12B)
[1119/121106.049:ERROR:process_memory_win.cc(73)] ReadMemory at 0x206f6ebfca0 of 512 bytes failed: Only part of a ReadProcessMemory or WriteProcessMemory request was completed. (0x12B)
[1119/121106.049:ERROR:process_memory_win.cc(73)] ReadMemory at 0x206f6ec01b0 of 512 bytes failed: Only part of a ReadProcessMemory or WriteProcessMemory request was completed. (0x12B)
[1119/121106.049:ERROR:process_memory_win.cc(73)] ReadMemory at 0x206f6ec8ed8 of 512 bytes failed: Only part of a ReadProcessMemory or WriteProcessMemory request was completed. (0x12B)
[1119/121106.049:ERROR:process_memory_win.cc(73)] ReadMemory at 0x206fde36d60 of 74 bytes failed: Only part of a ReadProcessMemory or WriteProcessMemory request was completed. (0x12B)
[1119/121106.049:ERROR:process_memory_win.cc(73)] ReadMemory at 0x206fde3d420 of 512 bytes failed: Only part of a ReadProcessMemory or WriteProcessMemory request was completed. (0x12B)
[1119/121106.049:ERROR:process_memory_win.cc(73)] ReadMemory at 0x206fde5dbb0 of 512 bytes failed: Only part of a ReadProcessMemory or WriteProcessMemory request was completed. (0x12B)
[1119/121106.049:ERROR:process_memory_win.cc(73)] ReadMemory at 0x206fde5df30 of 512 bytes failed: Only part of a ReadProcessMemory or WriteProcessMemory request was completed. (0x12B)
[1119/121106.049:ERROR:process_memory_win.cc(73)] ReadMemory at 0x206fde5f5c0 of 512 bytes failed: Only part of a ReadProcessMemory or WriteProcessMemory request was completed. (0x12B)
[1119/121106.049:ERROR:process_memory_win.cc(73)] ReadMemory at 0x206fde69970 of 512 bytes failed: Only part of a ReadProcessMemory or WriteProcessMemory request was completed. (0x12B)
[1119/121106.050:ERROR:process_memory_win.cc(73)] ReadMemory at 0x206fde877d0 of 62 bytes failed: Only part of a ReadProcessMemory or WriteProcessMemory request was completed. (0x12B)
[1119/121106.050:ERROR:process_memory_win.cc(73)] ReadMemory at 0x7ffefb6bc64c of 512 bytes failed: Only part of a ReadProcessMemory or WriteProcessMemory request was completed. (0x12B)
[1119/121106.050:ERROR:process_memory_win.cc(73)] ReadMemory at 0x7ffefc2f95fe of 512 bytes failed: Only part of a ReadProcessMemory or WriteProcessMemory request was completed. (0x12B)
[1119/121106.050:ERROR:process_memory_win.cc(73)] ReadMemory at 0x7ffefdfc5ae8 of 512 bytes failed: Only part of a ReadProcessMemory or WriteProcessMemory request was completed. (0x12B)
[1119/121106.050:ERROR:process_memory_win.cc(73)] ReadMemory at 0x7ffefe5ceaca of 512 bytes failed: Only part of a ReadProcessMemory or WriteProcessMemory request was completed. (0x12B)
[1119/121106.050:ERROR:process_memory_win.cc(73)] ReadMemory at 0x7fff0bee4a44 of 512 bytes failed: Only part of a ReadProcessMemory or WriteProcessMemory request was completed. (0x12B)
[1119/121106.050:ERROR:process_memory_win.cc(73)] ReadMemory at 0x7fff563db6d0 of 512 bytes failed: Only part of a ReadProcessMemory or WriteProcessMemory request was completed. (0x12B)
[1119/121106.050:ERROR:process_memory_win.cc(73)] ReadMemory at 0x7fff56429a04 of 512 bytes failed: Only part of a ReadProcessMemory or WriteProcessMemory request was completed. (0x12B)
[1119/121106.050:ERROR:process_memory_win.cc(73)] ReadMemory at 0x7fff57912370 of 512 bytes failed: Only part of a ReadProcessMemory or WriteProcessMemory request was completed. (0x12B)
[1119/121106.050:ERROR:process_memory_win.cc(73)] ReadMemory at 0x7fff58edb810 of 512 bytes failed: Only part of a ReadProcessMemory or WriteProcessMemory request was completed. (0x12B)
[1119/121106.051:ERROR:process_memory_win.cc(73)] ReadMemory at 0x7fff58f3c0c4 of 672 bytes failed: Only part of a ReadProcessMemory or WriteProcessMemory request was completed. (0x12B)
[1119/121106.051:ERROR:process_memory_win.cc(73)] ReadMemory at 0x7fff58f3c6c4 of 512 bytes failed: Only part of a ReadProcessMemory or WriteProcessMemory request was completed. (0x12B)
[1119/121106.051:ERROR:process_memory_win.cc(73)] ReadMemory at 0x7fff58f3f9d4 of 512 bytes failed: Only part of a ReadProcessMemory or WriteProcessMemory request was completed. (0x12B)
[1119/121106.051:ERROR:process_memory_win.cc(73)] ReadMemory at 0x7fff58fcc428 of 18 bytes failed: Only part of a ReadProcessMemory or WriteProcessMemory request was completed. (0x12B)
[1119/121106.051:ERROR:process_memory_win.cc(73)] ReadMemory at 0x7fff58fff4f8 of 40 bytes failed: Only part of a ReadProcessMemory or WriteProcessMemory request was completed. (0x12B)
[1119/121106.051:ERROR:process_memory_win.cc(73)] ReadMemory at 0x7fff58fff978 of 48 bytes failed: Only part of a ReadProcessMemory or WriteProcessMemory request was completed. (0x12B)
[1119/121106.051:ERROR:process_memory_win.cc(73)] ReadMemory at 0x7fff590053c0 of 64 bytes failed: Only part of a ReadProcessMemory or WriteProcessMemory request was completed. (0x12B)
[1119/121106.485:ERROR:scoped_process_suspend.cc(40)] NtResumeProcess: An attempt was made to access an exiting process. (0xc000010a)
